[    10.557] 
X.Org X Server 1.21.1.10
X Protocol Version 11, Revision 0
[    10.557] Current Operating System: Linux arch 6.6.7-arch1-1 #1 SMP PREEMPT_DYNAMIC Thu, 14 Dec 2023 03:45:42 +0000 x86_64
[    10.557] Kernel command line: BOOT_IMAGE=/vmlinuz-linux root=UUID=521e51b3-75d8-47d5-bbce-803d2adaadce rw zswap.enabled=0 rootfstype=ext4 loglevel=3 quiet
[    10.557]  
[    10.557] Current version of pixman: 0.42.2
[    10.557] 	Before reporting problems, check http://wiki.x.org
	to make sure that you have the latest version.
[    10.557] Markers: (--) probed, (**) from config file, (==) default setting,
	(++) from command line, (!!) notice, (II) informational,
	(WW) warning, (EE) error, (NI) not implemented, (??) unknown.
[    10.557] (==) Log file: "/home/manjot/.local/share/xorg/Xorg.0.log", Time: Fri Dec 15 09:04:36 2023
[    10.559] (==) Using config directory: "/etc/X11/xorg.conf.d"
[    10.559] (==) Using system config directory "/usr/share/X11/xorg.conf.d"
[    10.560] (==) No Layout section.  Using the first Screen section.
[    10.560] (==) No screen section available. Using defaults.
[    10.560] (**) |-->Screen "Default Screen Section" (0)
[    10.560] (**) |   |-->Monitor "<default monitor>"
[    10.560] (==) No monitor specified for screen "Default Screen Section".
	Using a default monitor configuration.
[    10.560] (==) Automatically adding devices
[    10.560] (==) Automatically enabling devices
[    10.560] (==) Automatically adding GPU devices
[    10.560] (==) Automatically binding GPU devices
[    10.560] (==) Max clients allowed: 256, resource mask: 0x1fffff
[    10.560] (WW) The directory "/usr/share/fonts/misc" does not exist.
[    10.560] 	Entry deleted from font path.
[    10.561] (WW) `fonts.dir' not found (or not valid) in "/usr/share/fonts/TTF".
[    10.561] 	Entry deleted from font path.
[    10.561] 	(Run 'mkfontdir' on "/usr/share/fonts/TTF").
[    10.561] (WW) The directory "/usr/share/fonts/OTF" does not exist.
[    10.561] 	Entry deleted from font path.
[    10.561] (WW) The directory "/usr/share/fonts/Type1" does not exist.
[    10.561] 	Entry deleted from font path.
[    10.561] (WW) The directory "/usr/share/fonts/100dpi" does not exist.
[    10.561] 	Entry deleted from font path.
[    10.561] (WW) The directory "/usr/share/fonts/75dpi" does not exist.
[    10.561] 	Entry deleted from font path.
[    10.561] (==) FontPath set to:
	
[    10.561] (==) ModulePath set to "/usr/lib/xorg/modules"
[    10.561] (II) The server relies on udev to provide the list of input devices.
	If no devices become available, reconfigure udev or disable AutoAddDevices.
[    10.561] (II) Module ABI versions:
[    10.561] 	X.Org ANSI C Emulation: 0.4
[    10.561] 	X.Org Video Driver: 25.2
[    10.561] 	X.Org XInput driver : 24.4
[    10.561] 	X.Org Server Extension : 10.0
[    10.561] (++) using VT number 1

[    10.562] (II) systemd-logind: took control of session /org/freedesktop/login1/session/_31
[    10.562] (II) xfree86: Adding drm device (/dev/dri/card1)
[    10.562] (II) Platform probe for /sys/devices/pci0000:00/0000:00:01.0/drm/card1
[    10.563] (II) systemd-logind: got fd for /dev/dri/card1 226:1 fd 13 paused 0
[    10.564] (--) PCI:*(0@0:1:0) 1af4:1050:1af4:1100 rev 1, Mem @ 0x80000000/8388608, 0x7060000000/16384, 0x8144b000/4096, BIOS @ 0x????????/131072
[    10.564] (WW) Open ACPI failed (/var/run/acpid.socket) (No such file or directory)
[    10.564] (II) LoadModule: "glx"
[    10.564] (II) Loading /usr/lib/xorg/modules/extensions/libglx.so
[    10.566] (II) Module glx: vendor="X.Org Foundation"
[    10.566] 	compiled for 1.21.1.10, module version = 1.0.0
[    10.566] 	ABI class: X.Org Server Extension, version 10.0
[    10.566] (==) Matched modesetting as autoconfigured driver 0
[    10.566] (==) Matched fbdev as autoconfigured driver 1
[    10.566] (==) Matched vesa as autoconfigured driver 2
[    10.566] (==) Assigned the driver to the xf86ConfigLayout
[    10.566] (II) LoadModule: "modesetting"
[    10.566] (II) Loading /usr/lib/xorg/modules/drivers/modesetting_drv.so
[    10.567] (II) Module modesetting: vendor="X.Org Foundation"
[    10.567] 	compiled for 1.21.1.10, module version = 1.21.1
[    10.567] 	Module class: X.Org Video Driver
[    10.567] 	ABI class: X.Org Video Driver, version 25.2
[    10.567] (II) LoadModule: "fbdev"
[    10.568] (WW) Warning, couldn't open module fbdev
[    10.568] (EE) Failed to load module "fbdev" (module does not exist, 0)
[    10.568] (II) LoadModule: "vesa"
[    10.568] (WW) Warning, couldn't open module vesa
[    10.568] (EE) Failed to load module "vesa" (module does not exist, 0)
[    10.568] (II) modesetting: Driver for Modesetting Kernel Drivers: kms
[    10.568] (II) modeset(0): using drv /dev/dri/card1
[    10.568] (WW) VGA arbiter: cannot open kernel arbiter, no multi-card support
[    10.568] (II) modeset(0): Creating default Display subsection in Screen section
	"Default Screen Section" for depth/fbbpp 24/32
[    10.568] (==) modeset(0): Depth 24, (==) framebuffer bpp 32
[    10.568] (==) modeset(0): RGB weight 888
[    10.568] (==) modeset(0): Default visual is TrueColor
[    10.568] (II) Loading sub module "glamoregl"
[    10.568] (II) LoadModule: "glamoregl"
[    10.568] (II) Loading /usr/lib/xorg/modules/libglamoregl.so
[    10.573] (II) Module glamoregl: vendor="X.Org Foundation"
[    10.573] 	compiled for 1.21.1.10, module version = 1.0.1
[    10.573] 	ABI class: X.Org ANSI C Emulation, version 0.4
[    10.638] (II) modeset(0): Refusing to try glamor on llvmpipe
[    10.640] (II) modeset(0): glamor initialization failed
[    10.640] (II) modeset(0): ShadowFB: preferred NO, enabled NO
[    10.640] (II) modeset(0): Output Virtual-1 has no monitor section
[    10.641] (II) modeset(0): EDID for output Virtual-1
[    10.641] (II) modeset(0): Manufacturer: RHT  Model: 1234  Serial#: 0
[    10.641] (II) modeset(0): Year: 2014  Week: 42
[    10.641] (II) modeset(0): EDID Version: 1.4
[    10.641] (II) modeset(0): Digital Display Input
[    10.641] (II) modeset(0): 8 bits per channel
[    10.641] (II) modeset(0): Digital interface is DisplayPort
[    10.641] (II) modeset(0): Max Image Size [cm]: horiz.: 32  vert.: 20
[    10.641] (II) modeset(0): Gamma: 2.20
[    10.641] (II) modeset(0): No DPMS capabilities specified
[    10.641] (II) modeset(0): Supported color encodings: RGB 4:4:4 
[    10.641] (II) modeset(0): Default color space is primary color space
[    10.641] (II) modeset(0): First detailed timing is preferred mode
[    10.641] (II) modeset(0): Preferred mode is native pixel format and refresh rate
[    10.641] (II) modeset(0): redX: 0.640 redY: 0.330   greenX: 0.300 greenY: 0.600
[    10.641] (II) modeset(0): blueX: 0.150 blueY: 0.060   whiteX: 0.312 whiteY: 0.329
[    10.641] (II) modeset(0): Supported established timings:
[    10.641] (II) modeset(0): 640x480@60Hz
[    10.641] (II) modeset(0): 800x600@60Hz
[    10.641] (II) modeset(0): 1024x768@60Hz
[    10.641] (II) modeset(0): Manufacturer's mask: 0
[    10.641] (II) modeset(0): Supported standard timings:
[    10.641] (II) modeset(0): #0: hsize: 2048  vsize 1152  refresh: 60  vid: 49377
[    10.641] (II) modeset(0): #1: hsize: 1920  vsize 1080  refresh: 60  vid: 49361
[    10.641] (II) modeset(0): #2: hsize: 1920  vsize 1200  refresh: 60  vid: 209
[    10.641] (II) modeset(0): #3: hsize: 1600  vsize 1200  refresh: 60  vid: 16553
[    10.641] (II) modeset(0): #4: hsize: 1680  vsize 1050  refresh: 60  vid: 179
[    10.641] (II) modeset(0): #5: hsize: 1440  vsize 900  refresh: 60  vid: 149
[    10.641] (II) modeset(0): #6: hsize: 1280  vsize 1024  refresh: 60  vid: 32897
[    10.641] (II) modeset(0): #7: hsize: 1280  vsize 960  refresh: 60  vid: 16513
[    10.641] (II) modeset(0): Supported detailed timing:
[    10.641] (II) modeset(0): clock: 107.3 MHz   Image Size:  325 x 203 mm
[    10.641] (II) modeset(0): h_active: 1280  h_sync: 1600  h_sync_end 1638 h_blank_end 1728 h_border: 0
[    10.641] (II) modeset(0): v_active: 800  v_sync: 804  v_sync_end 808 v_blanking: 828 v_border: 0
[    10.641] (II) modeset(0): Established timings III: (not decoded)
[    10.641] (II) modeset(0): Ranges: V min: 50 V max: 125 Hz, H min: 30 H max: 160 kHz,
[    10.641] (II) modeset(0): Monitor name: QEMU Monitor
[    10.641] (II) modeset(0): Number of EDID sections to follow: 1
[    10.641] (II) modeset(0): EDID (in hex):
[    10.641] (II) modeset(0): 	00ffffffffffff004914341200000000
[    10.641] (II) modeset(0): 	2a180104a520147806ee91a3544c9926
[    10.641] (II) modeset(0): 	0f5054210800e1c0d1c0d100a940b300
[    10.641] (II) modeset(0): 	950081808140ea2900c051201c304026
[    10.641] (II) modeset(0): 	444045cb10000018000000f7000a0040
[    10.641] (II) modeset(0): 	82002820000000000000000000fd0032
[    10.641] (II) modeset(0): 	7d1ea0ff010a202020202020000000fc
[    10.641] (II) modeset(0): 	0051454d55204d6f6e69746f720a013a
[    10.641] (II) modeset(0): 	02030b00467d6560591f610000001000
[    10.641] (II) modeset(0): 	00000000000000000000000000000000
[    10.641] (II) modeset(0): 	10000000000000000000000000000000
[    10.641] (II) modeset(0): 	00001000000000000000000000000000
[    10.641] (II) modeset(0): 	00000000100000000000000000000000
[    10.641] (II) modeset(0): 	00000000000010000000000000000000
[    10.641] (II) modeset(0): 	00000000000000001000000000000000
[    10.641] (II) modeset(0): 	0000000000000000000000000000002f
[    10.641] (II) modeset(0): Printing probed modes for output Virtual-1
[    10.641] (II) modeset(0): Modeline "1280x800"x75.0  107.30  1280 1600 1638 1728  800 804 808 828 -hsync -vsync (62.1 kHz eP)
[    10.641] (II) modeset(0): Modeline "5120x2160"x50.0  742.50  5120 6216 6304 6600  2160 2168 2178 2250 +hsync +vsync (112.5 kHz e)
[    10.641] (II) modeset(0): Modeline "4096x2160"x50.0  594.00  4096 5064 5152 5280  2160 2168 2178 2250 +hsync +vsync (112.5 kHz e)
[    10.641] (II) modeset(0): Modeline "3840x2160"x60.0  594.00  3840 4016 4104 4400  2160 2168 2178 2250 +hsync +vsync (135.0 kHz e)
[    10.641] (II) modeset(0): Modeline "3840x2160"x50.0  594.00  3840 4896 4984 5280  2160 2168 2178 2250 +hsync +vsync (112.5 kHz e)
[    10.641] (II) modeset(0): Modeline "3840x2160"x59.9  593.41  3840 4016 4104 4400  2160 2168 2178 2250 +hsync +vsync (134.9 kHz e)
[    10.641] (II) modeset(0): Modeline "1920x1440"x60.0  234.00  1920 2048 2256 2600  1440 1441 1444 1500 -hsync +vsync (90.0 kHz e)
[    10.641] (II) modeset(0): Modeline "2560x1080"x50.0  185.62  2560 3108 3152 3300  1080 1084 1089 1125 +hsync +vsync (56.2 kHz e)
[    10.641] (II) modeset(0): Modeline "1856x1392"x60.0  218.25  1856 1952 2176 2528  1392 1393 1396 1439 -hsync +vsync (86.3 kHz e)
[    10.641] (II) modeset(0): Modeline "1792x1344"x60.0  204.75  1792 1920 2120 2448  1344 1345 1348 1394 -hsync +vsync (83.6 kHz e)
[    10.641] (II) modeset(0): Modeline "2048x1152"x60.0  162.00  2048 2074 2154 2250  1152 1153 1156 1200 +hsync +vsync (72.0 kHz e)
[    10.641] (II) modeset(0): Modeline "1920x1200"x59.9  193.25  1920 2056 2256 2592  1200 1203 1209 1245 -hsync +vsync (74.6 kHz e)
[    10.641] (II) modeset(0): Modeline "1920x1080"x60.0  148.50  1920 2008 2052 2200  1080 1084 1089 1125 -hsync -vsync (67.5 kHz e)
[    10.641] (II) modeset(0): Modeline "1920x1080"x50.0  148.50  1920 2448 2492 2640  1080 1084 1089 1125 +hsync +vsync (56.2 kHz e)
[    10.641] (II) modeset(0): Modeline "1600x1200"x60.0  162.00  1600 1664 1856 2160  1200 1201 1204 1250 +hsync +vsync (75.0 kHz e)
[    10.641] (II) modeset(0): Modeline "1680x1050"x60.0  146.25  1680 1784 1960 2240  1050 1053 1059 1089 -hsync +vsync (65.3 kHz e)
[    10.641] (II) modeset(0): Modeline "1400x1050"x60.0  121.75  1400 1488 1632 1864  1050 1053 1057 1089 -hsync +vsync (65.3 kHz e)
[    10.641] (II) modeset(0): Modeline "1280x1024"x60.0  108.00  1280 1328 1440 1688  1024 1025 1028 1066 +hsync +vsync (64.0 kHz e)
[    10.641] (II) modeset(0): Modeline "1440x900"x59.9  106.50  1440 1520 1672 1904  900 903 909 934 -hsync +vsync (55.9 kHz e)
[    10.641] (II) modeset(0): Modeline "1280x960"x60.0  108.00  1280 1376 1488 1800  960 961 964 1000 +hsync +vsync (60.0 kHz e)
[    10.641] (II) modeset(0): Modeline "1360x768"x60.0   85.50  1360 1424 1536 1792  768 771 777 795 +hsync +vsync (47.7 kHz e)
[    10.641] (II) modeset(0): Modeline "1280x768"x59.9   79.50  1280 1344 1472 1664  768 771 778 798 -hsync +vsync (47.8 kHz e)
[    10.641] (II) modeset(0): Modeline "1024x768"x60.0   65.00  1024 1048 1184 1344  768 771 777 806 -hsync -vsync (48.4 kHz e)
[    10.641] (II) modeset(0): Modeline "800x600"x60.3   40.00  800 840 968 1056  600 601 605 628 +hsync +vsync (37.9 kHz e)
[    10.641] (II) modeset(0): Modeline "640x480"x60.0   25.20  640 656 752 800  480 490 492 525 -hsync -vsync (31.5 kHz e)
[    10.641] (II) modeset(0): Modeline "640x480"x59.9   25.18  640 656 752 800  480 490 492 525 -hsync -vsync (31.5 kHz e)
[    10.641] (II) modeset(0): Output Virtual-1 connected
[    10.641] (II) modeset(0): Using exact sizes for initial modes
[    10.641] (II) modeset(0): Output Virtual-1 using initial mode 1280x800 +0+0
[    10.641] (==) modeset(0): Using gamma correction (1.0, 1.0, 1.0)
[    10.641] (==) modeset(0): DPI set to (96, 96)
[    10.641] (II) Loading sub module "fb"
[    10.641] (II) LoadModule: "fb"
[    10.641] (II) Module "fb" already built-in
[    10.642] (==) modeset(0): Backing store enabled
[    10.642] (==) modeset(0): Silken mouse enabled
[    10.642] (II) modeset(0): Initializing kms color map for depth 24, 8 bpc.
[    10.642] (==) modeset(0): DPMS enabled
[    10.642] (II) Initializing extension Generic Event Extension
[    10.642] (II) Initializing extension SHAPE
[    10.643] (II) Initializing extension MIT-SHM
[    10.643] (II) Initializing extension XInputExtension
[    10.643] (II) Initializing extension XTEST
[    10.643] (II) Initializing extension BIG-REQUESTS
[    10.643] (II) Initializing extension SYNC
[    10.643] (II) Initializing extension XKEYBOARD
[    10.643] (II) Initializing extension XC-MISC
[    10.643] (II) Initializing extension SECURITY
[    10.644] (II) Initializing extension XFIXES
[    10.644] (II) Initializing extension RENDER
[    10.644] (II) Initializing extension RANDR
[    10.644] (II) Initializing extension COMPOSITE
[    10.644] (II) Initializing extension DAMAGE
[    10.644] (II) Initializing extension MIT-SCREEN-SAVER
[    10.644] (II) Initializing extension DOUBLE-BUFFER
[    10.644] (II) Initializing extension RECORD
[    10.644] (II) Initializing extension DPMS
[    10.644] (II) Initializing extension Present
[    10.644] (II) Initializing extension DRI3
[    10.644] (II) Initializing extension X-Resource
[    10.645] (II) Initializing extension XVideo
[    10.645] (II) Initializing extension XVideo-MotionCompensation
[    10.645] (II) Initializing extension GLX
[    10.645] (II) AIGLX: Screen 0 is not DRI2 capable
[    10.652] (II) IGLX: Loaded and initialized swrast
[    10.652] (II) GLX: Initialized DRISWRAST GL provider for screen 0
[    10.652] (II) Initializing extension XFree86-VidModeExtension
[    10.652] (II) Initializing extension XFree86-DGA
[    10.652] (II) Initializing extension XFree86-DRI
[    10.652] (II) Initializing extension DRI2
[    10.652] (II) modeset(0): Damage tracking initialized
[    10.652] (II) modeset(0): Setting screen physical size to 338 x 211
[    10.682] (II) config/udev: Adding input device Power Button (/dev/input/event0)
[    10.682] (**) Power Button: Applying InputClass "libinput keyboard catchall"
[    10.682] (**) Power Button: Applying InputClass "system-keyboard"
[    10.682] (II) LoadModule: "libinput"
[    10.682] (II) Loading /usr/lib/xorg/modules/input/libinput_drv.so
[    10.684] (II) Module libinput: vendor="X.Org Foundation"
[    10.684] 	compiled for 1.21.1.8, module version = 1.4.0
[    10.684] 	Module class: X.Org XInput Driver
[    10.684] 	ABI class: X.Org XInput driver, version 24.4
[    10.684] (II) Using input driver 'libinput' for 'Power Button'
[    10.684] (II) systemd-logind: got fd for /dev/input/event0 13:64 fd 21 paused 0
[    10.684] (**) Power Button: always reports core events
[    10.684] (**) Option "Device" "/dev/input/event0"
[    10.687] (II) event0  - Power Button: is tagged by udev as: Keyboard
[    10.687] (II) event0  - Power Button: device is a keyboard
[    10.688] (II) event0  - Power Button: device removed
[    10.688] (**) Option "config_info" "udev:/sys/devices/LNXSYSTM:00/LNXPWRBN:00/input/input0/event0"
[    10.688] (II) XINPUT: Adding extended input device "Power Button" (type: KEYBOARD, id 6)
[    10.688] (**) Option "xkb_model" "pc105+inet"
[    10.688] (**) Option "xkb_layout" "us"
[    10.688] (**) Option "xkb_options" "terminate:ctrl_alt_bksp"
[    10.705] (II) event0  - Power Button: is tagged by udev as: Keyboard
[    10.705] (II) event0  - Power Button: device is a keyboard
[    10.706] (II) config/udev: Adding input device QEMU QEMU USB Tablet (/dev/input/event4)
[    10.706] (**) QEMU QEMU USB Tablet: Applying InputClass "libinput pointer catchall"
[    10.706] (II) Using input driver 'libinput' for 'QEMU QEMU USB Tablet'
[    10.870] (II) systemd-logind: got fd for /dev/input/event4 13:68 fd 24 paused 0
[    10.870] (**) QEMU QEMU USB Tablet: always reports core events
[    10.870] (**) Option "Device" "/dev/input/event4"
[    10.871] (II) event4  - QEMU QEMU USB Tablet: is tagged by udev as: Mouse
[    10.872] (II) event4  - QEMU QEMU USB Tablet: device is a pointer
[    10.872] (II) event4  - QEMU QEMU USB Tablet: device removed
[    10.872] (**) Option "config_info" "udev:/sys/devices/pci0000:00/0000:00:02.1/0000:02:00.0/usb1/1-2/1-2:1.0/0003:0627:0001.0001/input/input5/event4"
[    10.872] (II) XINPUT: Adding extended input device "QEMU QEMU USB Tablet" (type: MOUSE, id 7)
[    10.872] (**) Option "AccelerationScheme" "none"
[    10.872] (**) QEMU QEMU USB Tablet: (accel) selected scheme none/0
[    10.872] (**) QEMU QEMU USB Tablet: (accel) acceleration factor: 2.000
[    10.872] (**) QEMU QEMU USB Tablet: (accel) acceleration threshold: 4
[    10.873] (II) event4  - QEMU QEMU USB Tablet: is tagged by udev as: Mouse
[    10.873] (II) event4  - QEMU QEMU USB Tablet: device is a pointer
[    10.874] (II) config/udev: Adding input device QEMU QEMU USB Tablet (/dev/input/mouse2)
[    10.874] (II) No input driver specified, ignoring this device.
[    10.874] (II) This device may have been added with another device file.
[    10.875] (II) config/udev: Adding input device AT Translated Set 2 keyboard (/dev/input/event1)
[    10.875] (**) AT Translated Set 2 keyboard: Applying InputClass "libinput keyboard catchall"
[    10.875] (**) AT Translated Set 2 keyboard: Applying InputClass "system-keyboard"
[    10.875] (II) Using input driver 'libinput' for 'AT Translated Set 2 keyboard'
[    10.875] (II) systemd-logind: got fd for /dev/input/event1 13:65 fd 25 paused 0
[    10.875] (**) AT Translated Set 2 keyboard: always reports core events
[    10.875] (**) Option "Device" "/dev/input/event1"
[    10.876] (II) event1  - AT Translated Set 2 keyboard: is tagged by udev as: Keyboard
[    10.876] (II) event1  - AT Translated Set 2 keyboard: device is a keyboard
[    10.876] (II) event1  - AT Translated Set 2 keyboard: device removed
[    10.876] (**) Option "config_info" "udev:/sys/devices/platform/i8042/serio0/input/input1/event1"
[    10.876] (II) XINPUT: Adding extended input device "AT Translated Set 2 keyboard" (type: KEYBOARD, id 8)
[    10.876] (**) Option "xkb_model" "pc105+inet"
[    10.876] (**) Option "xkb_layout" "us"
[    10.876] (**) Option "xkb_options" "terminate:ctrl_alt_bksp"
[    10.877] (II) event1  - AT Translated Set 2 keyboard: is tagged by udev as: Keyboard
[    10.877] (II) event1  - AT Translated Set 2 keyboard: device is a keyboard
[    10.878] (II) config/udev: Adding input device VirtualPS/2 VMware VMMouse (/dev/input/event3)
[    10.878] (**) VirtualPS/2 VMware VMMouse: Applying InputClass "libinput pointer catchall"
[    10.878] (II) Using input driver 'libinput' for 'VirtualPS/2 VMware VMMouse'
[    10.878] (II) systemd-logind: got fd for /dev/input/event3 13:67 fd 26 paused 0
[    10.878] (**) VirtualPS/2 VMware VMMouse: always reports core events
[    10.878] (**) Option "Device" "/dev/input/event3"
[    10.879] (II) event3  - VirtualPS/2 VMware VMMouse: is tagged by udev as: Mouse
[    10.879] (II) event3  - VirtualPS/2 VMware VMMouse: device is a pointer
[    10.879] (II) event3  - VirtualPS/2 VMware VMMouse: device removed
[    10.879] (II) libinput: VirtualPS/2 VMware VMMouse: Step value 0 was provided, libinput Fallback acceleration function is used.
[    10.879] (II) libinput: VirtualPS/2 VMware VMMouse: Step value 0 was provided, libinput Fallback acceleration function is used.
[    10.879] (II) libinput: VirtualPS/2 VMware VMMouse: Step value 0 was provided, libinput Fallback acceleration function is used.
[    10.879] (**) Option "config_info" "udev:/sys/devices/platform/i8042/serio1/input/input3/event3"
[    10.879] (II) XINPUT: Adding extended input device "VirtualPS/2 VMware VMMouse" (type: MOUSE, id 9)
[    10.879] (**) Option "AccelerationScheme" "none"
[    10.879] (**) VirtualPS/2 VMware VMMouse: (accel) selected scheme none/0
[    10.879] (**) VirtualPS/2 VMware VMMouse: (accel) acceleration factor: 2.000
[    10.879] (**) VirtualPS/2 VMware VMMouse: (accel) acceleration threshold: 4
[    10.879] (II) event3  - VirtualPS/2 VMware VMMouse: is tagged by udev as: Mouse
[    10.879] (II) event3  - VirtualPS/2 VMware VMMouse: device is a pointer
[    10.880] (II) config/udev: Adding input device VirtualPS/2 VMware VMMouse (/dev/input/mouse1)
[    10.880] (II) No input driver specified, ignoring this device.
[    10.880] (II) This device may have been added with another device file.
[    10.880] (II) config/udev: Adding input device VirtualPS/2 VMware VMMouse (/dev/input/event2)
[    10.880] (**) VirtualPS/2 VMware VMMouse: Applying InputClass "libinput pointer catchall"
[    10.880] (II) Using input driver 'libinput' for 'VirtualPS/2 VMware VMMouse'
[    10.881] (II) systemd-logind: got fd for /dev/input/event2 13:66 fd 27 paused 0
[    10.881] (**) VirtualPS/2 VMware VMMouse: always reports core events
[    10.881] (**) Option "Device" "/dev/input/event2"
[    10.881] (II) event2  - VirtualPS/2 VMware VMMouse: is tagged by udev as: Mouse
[    10.881] (II) event2  - VirtualPS/2 VMware VMMouse: device is a pointer
[    10.882] (II) event2  - VirtualPS/2 VMware VMMouse: device removed
[    10.882] (**) Option "config_info" "udev:/sys/devices/platform/i8042/serio1/input/input4/event2"
[    10.882] (II) XINPUT: Adding extended input device "VirtualPS/2 VMware VMMouse" (type: MOUSE, id 10)
[    10.882] (**) Option "AccelerationScheme" "none"
[    10.882] (**) VirtualPS/2 VMware VMMouse: (accel) selected scheme none/0
[    10.882] (**) VirtualPS/2 VMware VMMouse: (accel) acceleration factor: 2.000
[    10.882] (**) VirtualPS/2 VMware VMMouse: (accel) acceleration threshold: 4
[    10.882] (II) event2  - VirtualPS/2 VMware VMMouse: is tagged by udev as: Mouse
[    10.882] (II) event2  - VirtualPS/2 VMware VMMouse: device is a pointer
[    10.883] (II) config/udev: Adding input device VirtualPS/2 VMware VMMouse (/dev/input/mouse0)
[    10.883] (II) No input driver specified, ignoring this device.
[    10.883] (II) This device may have been added with another device file.
[    10.938] (II) modeset(0): EDID vendor "RHT", prod id 4660
[    10.938] (II) modeset(0): Using EDID range info for horizontal sync
[    10.938] (II) modeset(0): Using EDID range info for vertical refresh
[    10.938] (II) modeset(0): Printing DDC gathered Modelines:
[    10.938] (II) modeset(0): Modeline "1280x800"x0.0  107.30  1280 1600 1638 1728  800 804 808 828 -hsync -vsync (62.1 kHz eP)
[    10.938] (II) modeset(0): Modeline "1280x768"x0.0   79.50  1280 1344 1472 1664  768 771 778 798 -hsync +vsync (47.8 kHz e)
[    10.938] (II) modeset(0): Modeline "1360x768"x0.0   85.50  1360 1424 1536 1792  768 771 777 795 +hsync +vsync (47.7 kHz e)
[    10.938] (II) modeset(0): Modeline "1400x1050"x0.0  121.75  1400 1488 1632 1864  1050 1053 1057 1089 -hsync +vsync (65.3 kHz e)
[    10.938] (II) modeset(0): Modeline "1792x1344"x0.0  204.75  1792 1920 2120 2448  1344 1345 1348 1394 -hsync +vsync (83.6 kHz e)
[    10.938] (II) modeset(0): Modeline "1856x1392"x0.0  218.25  1856 1952 2176 2528  1392 1393 1396 1439 -hsync +vsync (86.3 kHz e)
[    10.938] (II) modeset(0): Modeline "1920x1440"x0.0  234.00  1920 2048 2256 2600  1440 1441 1444 1500 -hsync +vsync (90.0 kHz e)
[    10.939] (II) modeset(0): Modeline "1920x1080"x0.0  148.50  1920 2448 2492 2640  1080 1084 1089 1125 +hsync +vsync (56.2 kHz e)
[    10.939] (II) modeset(0): Modeline "800x600"x0.0   40.00  800 840 968 1056  600 601 605 628 +hsync +vsync (37.9 kHz e)
[    10.939] (II) modeset(0): Modeline "640x480"x0.0   25.18  640 656 752 800  480 490 492 525 -hsync -vsync (31.5 kHz e)
[    10.939] (II) modeset(0): Modeline "1024x768"x0.0   65.00  1024 1048 1184 1344  768 771 777 806 -hsync -vsync (48.4 kHz e)
[    10.939] (II) modeset(0): Modeline "2048x1152"x60.0  197.97  2048 2184 2408 2768  1152 1153 1156 1192 -hsync +vsync (71.5 kHz e)
[    10.939] (II) modeset(0): Modeline "1920x1080"x60.0  172.80  1920 2040 2248 2576  1080 1081 1084 1118 -hsync +vsync (67.1 kHz e)
[    10.939] (II) modeset(0): Modeline "1920x1200"x0.0  193.25  1920 2056 2256 2592  1200 1203 1209 1245 -hsync +vsync (74.6 kHz e)
[    10.939] (II) modeset(0): Modeline "1600x1200"x0.0  162.00  1600 1664 1856 2160  1200 1201 1204 1250 +hsync +vsync (75.0 kHz e)
[    10.939] (II) modeset(0): Modeline "1680x1050"x0.0  146.25  1680 1784 1960 2240  1050 1053 1059 1089 -hsync +vsync (65.3 kHz e)
[    10.939] (II) modeset(0): Modeline "1440x900"x0.0  106.50  1440 1520 1672 1904  900 903 909 934 -hsync +vsync (55.9 kHz e)
[    10.939] (II) modeset(0): Modeline "1280x1024"x0.0  108.00  1280 1328 1440 1688  1024 1025 1028 1066 +hsync +vsync (64.0 kHz e)
[    10.939] (II) modeset(0): Modeline "1280x960"x0.0  108.00  1280 1376 1488 1800  960 961 964 1000 +hsync +vsync (60.0 kHz e)
[   226.773] (II) modeset(0): EDID vendor "RHT", prod id 4660
[   226.773] (II) modeset(0): Using hsync ranges from config file
[   226.773] (II) modeset(0): Using vrefresh ranges from config file
[   226.773] (II) modeset(0): Printing DDC gathered Modelines:
[   226.773] (II) modeset(0): Modeline "1280x800"x0.0  107.30  1280 1600 1638 1728  800 804 808 828 -hsync -vsync (62.1 kHz eP)
[   226.773] (II) modeset(0): Modeline "1280x768"x0.0   79.50  1280 1344 1472 1664  768 771 778 798 -hsync +vsync (47.8 kHz e)
[   226.773] (II) modeset(0): Modeline "1360x768"x0.0   85.50  1360 1424 1536 1792  768 771 777 795 +hsync +vsync (47.7 kHz e)
[   226.773] (II) modeset(0): Modeline "1400x1050"x0.0  121.75  1400 1488 1632 1864  1050 1053 1057 1089 -hsync +vsync (65.3 kHz e)
[   226.773] (II) modeset(0): Modeline "1792x1344"x0.0  204.75  1792 1920 2120 2448  1344 1345 1348 1394 -hsync +vsync (83.6 kHz e)
[   226.773] (II) modeset(0): Modeline "1856x1392"x0.0  218.25  1856 1952 2176 2528  1392 1393 1396 1439 -hsync +vsync (86.3 kHz e)
[   226.773] (II) modeset(0): Modeline "1920x1440"x0.0  234.00  1920 2048 2256 2600  1440 1441 1444 1500 -hsync +vsync (90.0 kHz e)
[   226.773] (II) modeset(0): Modeline "1920x1080"x0.0  148.50  1920 2448 2492 2640  1080 1084 1089 1125 +hsync +vsync (56.2 kHz e)
[   226.773] (II) modeset(0): Modeline "800x600"x0.0   40.00  800 840 968 1056  600 601 605 628 +hsync +vsync (37.9 kHz e)
[   226.773] (II) modeset(0): Modeline "640x480"x0.0   25.18  640 656 752 800  480 490 492 525 -hsync -vsync (31.5 kHz e)
[   226.773] (II) modeset(0): Modeline "1024x768"x0.0   65.00  1024 1048 1184 1344  768 771 777 806 -hsync -vsync (48.4 kHz e)
[   226.773] (II) modeset(0): Modeline "2048x1152"x60.0  197.97  2048 2184 2408 2768  1152 1153 1156 1192 -hsync +vsync (71.5 kHz e)
[   226.773] (II) modeset(0): Modeline "1920x1080"x60.0  172.80  1920 2040 2248 2576  1080 1081 1084 1118 -hsync +vsync (67.1 kHz e)
[   226.773] (II) modeset(0): Modeline "1920x1200"x0.0  193.25  1920 2056 2256 2592  1200 1203 1209 1245 -hsync +vsync (74.6 kHz e)
[   226.773] (II) modeset(0): Modeline "1600x1200"x0.0  162.00  1600 1664 1856 2160  1200 1201 1204 1250 +hsync +vsync (75.0 kHz e)
[   226.773] (II) modeset(0): Modeline "1680x1050"x0.0  146.25  1680 1784 1960 2240  1050 1053 1059 1089 -hsync +vsync (65.3 kHz e)
[   226.773] (II) modeset(0): Modeline "1440x900"x0.0  106.50  1440 1520 1672 1904  900 903 909 934 -hsync +vsync (55.9 kHz e)
[   226.773] (II) modeset(0): Modeline "1280x1024"x0.0  108.00  1280 1328 1440 1688  1024 1025 1028 1066 +hsync +vsync (64.0 kHz e)
[   226.773] (II) modeset(0): Modeline "1280x960"x0.0  108.00  1280 1376 1488 1800  960 961 964 1000 +hsync +vsync (60.0 kHz e)
[   228.393] (II) modeset(0): EDID vendor "RHT", prod id 4660
[   228.394] (II) modeset(0): Using hsync ranges from config file
[   228.394] (II) modeset(0): Using vrefresh ranges from config file
[   228.394] (II) modeset(0): Printing DDC gathered Modelines:
[   228.394] (II) modeset(0): Modeline "1280x800"x0.0  107.30  1280 1600 1638 1728  800 804 808 828 -hsync -vsync (62.1 kHz eP)
[   228.394] (II) modeset(0): Modeline "1280x768"x0.0   79.50  1280 1344 1472 1664  768 771 778 798 -hsync +vsync (47.8 kHz e)
[   228.394] (II) modeset(0): Modeline "1360x768"x0.0   85.50  1360 1424 1536 1792  768 771 777 795 +hsync +vsync (47.7 kHz e)
[   228.394] (II) modeset(0): Modeline "1400x1050"x0.0  121.75  1400 1488 1632 1864  1050 1053 1057 1089 -hsync +vsync (65.3 kHz e)
[   228.394] (II) modeset(0): Modeline "1792x1344"x0.0  204.75  1792 1920 2120 2448  1344 1345 1348 1394 -hsync +vsync (83.6 kHz e)
[   228.394] (II) modeset(0): Modeline "1856x1392"x0.0  218.25  1856 1952 2176 2528  1392 1393 1396 1439 -hsync +vsync (86.3 kHz e)
[   228.394] (II) modeset(0): Modeline "1920x1440"x0.0  234.00  1920 2048 2256 2600  1440 1441 1444 1500 -hsync +vsync (90.0 kHz e)
[   228.394] (II) modeset(0): Modeline "1920x1080"x0.0  148.50  1920 2448 2492 2640  1080 1084 1089 1125 +hsync +vsync (56.2 kHz e)
[   228.394] (II) modeset(0): Modeline "800x600"x0.0   40.00  800 840 968 1056  600 601 605 628 +hsync +vsync (37.9 kHz e)
[   228.394] (II) modeset(0): Modeline "640x480"x0.0   25.18  640 656 752 800  480 490 492 525 -hsync -vsync (31.5 kHz e)
[   228.394] (II) modeset(0): Modeline "1024x768"x0.0   65.00  1024 1048 1184 1344  768 771 777 806 -hsync -vsync (48.4 kHz e)
[   228.394] (II) modeset(0): Modeline "2048x1152"x60.0  197.97  2048 2184 2408 2768  1152 1153 1156 1192 -hsync +vsync (71.5 kHz e)
[   228.394] (II) modeset(0): Modeline "1920x1080"x60.0  172.80  1920 2040 2248 2576  1080 1081 1084 1118 -hsync +vsync (67.1 kHz e)
[   228.394] (II) modeset(0): Modeline "1920x1200"x0.0  193.25  1920 2056 2256 2592  1200 1203 1209 1245 -hsync +vsync (74.6 kHz e)
[   228.394] (II) modeset(0): Modeline "1600x1200"x0.0  162.00  1600 1664 1856 2160  1200 1201 1204 1250 +hsync +vsync (75.0 kHz e)
[   228.394] (II) modeset(0): Modeline "1680x1050"x0.0  146.25  1680 1784 1960 2240  1050 1053 1059 1089 -hsync +vsync (65.3 kHz e)
[   228.394] (II) modeset(0): Modeline "1440x900"x0.0  106.50  1440 1520 1672 1904  900 903 909 934 -hsync +vsync (55.9 kHz e)
[   228.394] (II) modeset(0): Modeline "1280x1024"x0.0  108.00  1280 1328 1440 1688  1024 1025 1028 1066 +hsync +vsync (64.0 kHz e)
[   228.394] (II) modeset(0): Modeline "1280x960"x0.0  108.00  1280 1376 1488 1800  960 961 964 1000 +hsync +vsync (60.0 kHz e)
[   508.645] (II) modeset(0): EDID vendor "RHT", prod id 4660
[   508.645] (II) modeset(0): Using hsync ranges from config file
[   508.645] (II) modeset(0): Using vrefresh ranges from config file
[   508.645] (II) modeset(0): Printing DDC gathered Modelines:
[   508.645] (II) modeset(0): Modeline "1280x800"x0.0  107.30  1280 1600 1638 1728  800 804 808 828 -hsync -vsync (62.1 kHz eP)
[   508.645] (II) modeset(0): Modeline "1280x768"x0.0   79.50  1280 1344 1472 1664  768 771 778 798 -hsync +vsync (47.8 kHz e)
[   508.645] (II) modeset(0): Modeline "1360x768"x0.0   85.50  1360 1424 1536 1792  768 771 777 795 +hsync +vsync (47.7 kHz e)
[   508.645] (II) modeset(0): Modeline "1400x1050"x0.0  121.75  1400 1488 1632 1864  1050 1053 1057 1089 -hsync +vsync (65.3 kHz e)
[   508.645] (II) modeset(0): Modeline "1792x1344"x0.0  204.75  1792 1920 2120 2448  1344 1345 1348 1394 -hsync +vsync (83.6 kHz e)
[   508.645] (II) modeset(0): Modeline "1856x1392"x0.0  218.25  1856 1952 2176 2528  1392 1393 1396 1439 -hsync +vsync (86.3 kHz e)
[   508.645] (II) modeset(0): Modeline "1920x1440"x0.0  234.00  1920 2048 2256 2600  1440 1441 1444 1500 -hsync +vsync (90.0 kHz e)
[   508.645] (II) modeset(0): Modeline "1920x1080"x0.0  148.50  1920 2448 2492 2640  1080 1084 1089 1125 +hsync +vsync (56.2 kHz e)
[   508.645] (II) modeset(0): Modeline "800x600"x0.0   40.00  800 840 968 1056  600 601 605 628 +hsync +vsync (37.9 kHz e)
[   508.645] (II) modeset(0): Modeline "640x480"x0.0   25.18  640 656 752 800  480 490 492 525 -hsync -vsync (31.5 kHz e)
[   508.645] (II) modeset(0): Modeline "1024x768"x0.0   65.00  1024 1048 1184 1344  768 771 777 806 -hsync -vsync (48.4 kHz e)
[   508.645] (II) modeset(0): Modeline "2048x1152"x60.0  197.97  2048 2184 2408 2768  1152 1153 1156 1192 -hsync +vsync (71.5 kHz e)
[   508.645] (II) modeset(0): Modeline "1920x1080"x60.0  172.80  1920 2040 2248 2576  1080 1081 1084 1118 -hsync +vsync (67.1 kHz e)
[   508.645] (II) modeset(0): Modeline "1920x1200"x0.0  193.25  1920 2056 2256 2592  1200 1203 1209 1245 -hsync +vsync (74.6 kHz e)
[   508.645] (II) modeset(0): Modeline "1600x1200"x0.0  162.00  1600 1664 1856 2160  1200 1201 1204 1250 +hsync +vsync (75.0 kHz e)
[   508.645] (II) modeset(0): Modeline "1680x1050"x0.0  146.25  1680 1784 1960 2240  1050 1053 1059 1089 -hsync +vsync (65.3 kHz e)
[   508.645] (II) modeset(0): Modeline "1440x900"x0.0  106.50  1440 1520 1672 1904  900 903 909 934 -hsync +vsync (55.9 kHz e)
[   508.645] (II) modeset(0): Modeline "1280x1024"x0.0  108.00  1280 1328 1440 1688  1024 1025 1028 1066 +hsync +vsync (64.0 kHz e)
[   508.645] (II) modeset(0): Modeline "1280x960"x0.0  108.00  1280 1376 1488 1800  960 961 964 1000 +hsync +vsync (60.0 kHz e)
[   731.522] (II) modeset(0): EDID vendor "RHT", prod id 4660
[   731.522] (II) modeset(0): Using hsync ranges from config file
[   731.522] (II) modeset(0): Using vrefresh ranges from config file
[   731.522] (II) modeset(0): Printing DDC gathered Modelines:
[   731.522] (II) modeset(0): Modeline "1280x800"x0.0  107.30  1280 1600 1638 1728  800 804 808 828 -hsync -vsync (62.1 kHz eP)
[   731.522] (II) modeset(0): Modeline "1280x768"x0.0   79.50  1280 1344 1472 1664  768 771 778 798 -hsync +vsync (47.8 kHz e)
[   731.522] (II) modeset(0): Modeline "1360x768"x0.0   85.50  1360 1424 1536 1792  768 771 777 795 +hsync +vsync (47.7 kHz e)
[   731.522] (II) modeset(0): Modeline "1400x1050"x0.0  121.75  1400 1488 1632 1864  1050 1053 1057 1089 -hsync +vsync (65.3 kHz e)
[   731.522] (II) modeset(0): Modeline "1792x1344"x0.0  204.75  1792 1920 2120 2448  1344 1345 1348 1394 -hsync +vsync (83.6 kHz e)
[   731.522] (II) modeset(0): Modeline "1856x1392"x0.0  218.25  1856 1952 2176 2528  1392 1393 1396 1439 -hsync +vsync (86.3 kHz e)
[   731.522] (II) modeset(0): Modeline "1920x1440"x0.0  234.00  1920 2048 2256 2600  1440 1441 1444 1500 -hsync +vsync (90.0 kHz e)
[   731.522] (II) modeset(0): Modeline "1920x1080"x0.0  148.50  1920 2448 2492 2640  1080 1084 1089 1125 +hsync +vsync (56.2 kHz e)
[   731.522] (II) modeset(0): Modeline "800x600"x0.0   40.00  800 840 968 1056  600 601 605 628 +hsync +vsync (37.9 kHz e)
[   731.522] (II) modeset(0): Modeline "640x480"x0.0   25.18  640 656 752 800  480 490 492 525 -hsync -vsync (31.5 kHz e)
[   731.522] (II) modeset(0): Modeline "1024x768"x0.0   65.00  1024 1048 1184 1344  768 771 777 806 -hsync -vsync (48.4 kHz e)
[   731.522] (II) modeset(0): Modeline "2048x1152"x60.0  197.97  2048 2184 2408 2768  1152 1153 1156 1192 -hsync +vsync (71.5 kHz e)
[   731.522] (II) modeset(0): Modeline "1920x1080"x60.0  172.80  1920 2040 2248 2576  1080 1081 1084 1118 -hsync +vsync (67.1 kHz e)
[   731.522] (II) modeset(0): Modeline "1920x1200"x0.0  193.25  1920 2056 2256 2592  1200 1203 1209 1245 -hsync +vsync (74.6 kHz e)
[   731.522] (II) modeset(0): Modeline "1600x1200"x0.0  162.00  1600 1664 1856 2160  1200 1201 1204 1250 +hsync +vsync (75.0 kHz e)
[   731.522] (II) modeset(0): Modeline "1680x1050"x0.0  146.25  1680 1784 1960 2240  1050 1053 1059 1089 -hsync +vsync (65.3 kHz e)
[   731.522] (II) modeset(0): Modeline "1440x900"x0.0  106.50  1440 1520 1672 1904  900 903 909 934 -hsync +vsync (55.9 kHz e)
[   731.522] (II) modeset(0): Modeline "1280x1024"x0.0  108.00  1280 1328 1440 1688  1024 1025 1028 1066 +hsync +vsync (64.0 kHz e)
[   731.522] (II) modeset(0): Modeline "1280x960"x0.0  108.00  1280 1376 1488 1800  960 961 964 1000 +hsync +vsync (60.0 kHz e)
[   731.548] (II) modeset(0): EDID vendor "RHT", prod id 4660
[   731.548] (II) modeset(0): Using hsync ranges from config file
[   731.548] (II) modeset(0): Using vrefresh ranges from config file
[   731.548] (II) modeset(0): Printing DDC gathered Modelines:
[   731.548] (II) modeset(0): Modeline "1280x800"x0.0  107.30  1280 1600 1638 1728  800 804 808 828 -hsync -vsync (62.1 kHz eP)
[   731.548] (II) modeset(0): Modeline "1280x768"x0.0   79.50  1280 1344 1472 1664  768 771 778 798 -hsync +vsync (47.8 kHz e)
[   731.548] (II) modeset(0): Modeline "1360x768"x0.0   85.50  1360 1424 1536 1792  768 771 777 795 +hsync +vsync (47.7 kHz e)
[   731.548] (II) modeset(0): Modeline "1400x1050"x0.0  121.75  1400 1488 1632 1864  1050 1053 1057 1089 -hsync +vsync (65.3 kHz e)
[   731.548] (II) modeset(0): Modeline "1792x1344"x0.0  204.75  1792 1920 2120 2448  1344 1345 1348 1394 -hsync +vsync (83.6 kHz e)
[   731.548] (II) modeset(0): Modeline "1856x1392"x0.0  218.25  1856 1952 2176 2528  1392 1393 1396 1439 -hsync +vsync (86.3 kHz e)
[   731.548] (II) modeset(0): Modeline "1920x1440"x0.0  234.00  1920 2048 2256 2600  1440 1441 1444 1500 -hsync +vsync (90.0 kHz e)
[   731.548] (II) modeset(0): Modeline "1920x1080"x0.0  148.50  1920 2448 2492 2640  1080 1084 1089 1125 +hsync +vsync (56.2 kHz e)
[   731.548] (II) modeset(0): Modeline "800x600"x0.0   40.00  800 840 968 1056  600 601 605 628 +hsync +vsync (37.9 kHz e)
[   731.548] (II) modeset(0): Modeline "640x480"x0.0   25.18  640 656 752 800  480 490 492 525 -hsync -vsync (31.5 kHz e)
[   731.548] (II) modeset(0): Modeline "1024x768"x0.0   65.00  1024 1048 1184 1344  768 771 777 806 -hsync -vsync (48.4 kHz e)
[   731.548] (II) modeset(0): Modeline "2048x1152"x60.0  197.97  2048 2184 2408 2768  1152 1153 1156 1192 -hsync +vsync (71.5 kHz e)
[   731.548] (II) modeset(0): Modeline "1920x1080"x60.0  172.80  1920 2040 2248 2576  1080 1081 1084 1118 -hsync +vsync (67.1 kHz e)
[   731.548] (II) modeset(0): Modeline "1920x1200"x0.0  193.25  1920 2056 2256 2592  1200 1203 1209 1245 -hsync +vsync (74.6 kHz e)
[   731.548] (II) modeset(0): Modeline "1600x1200"x0.0  162.00  1600 1664 1856 2160  1200 1201 1204 1250 +hsync +vsync (75.0 kHz e)
[   731.548] (II) modeset(0): Modeline "1680x1050"x0.0  146.25  1680 1784 1960 2240  1050 1053 1059 1089 -hsync +vsync (65.3 kHz e)
[   731.548] (II) modeset(0): Modeline "1440x900"x0.0  106.50  1440 1520 1672 1904  900 903 909 934 -hsync +vsync (55.9 kHz e)
[   731.548] (II) modeset(0): Modeline "1280x1024"x0.0  108.00  1280 1328 1440 1688  1024 1025 1028 1066 +hsync +vsync (64.0 kHz e)
[   731.548] (II) modeset(0): Modeline "1280x960"x0.0  108.00  1280 1376 1488 1800  960 961 964 1000 +hsync +vsync (60.0 kHz e)
[   734.846] (II) modeset(0): EDID vendor "RHT", prod id 4660
[   734.846] (II) modeset(0): Using hsync ranges from config file
[   734.846] (II) modeset(0): Using vrefresh ranges from config file
[   734.846] (II) modeset(0): Printing DDC gathered Modelines:
[   734.846] (II) modeset(0): Modeline "1280x800"x0.0  107.30  1280 1600 1638 1728  800 804 808 828 -hsync -vsync (62.1 kHz eP)
[   734.846] (II) modeset(0): Modeline "1280x768"x0.0   79.50  1280 1344 1472 1664  768 771 778 798 -hsync +vsync (47.8 kHz e)
[   734.846] (II) modeset(0): Modeline "1360x768"x0.0   85.50  1360 1424 1536 1792  768 771 777 795 +hsync +vsync (47.7 kHz e)
[   734.846] (II) modeset(0): Modeline "1400x1050"x0.0  121.75  1400 1488 1632 1864  1050 1053 1057 1089 -hsync +vsync (65.3 kHz e)
[   734.846] (II) modeset(0): Modeline "1792x1344"x0.0  204.75  1792 1920 2120 2448  1344 1345 1348 1394 -hsync +vsync (83.6 kHz e)
[   734.846] (II) modeset(0): Modeline "1856x1392"x0.0  218.25  1856 1952 2176 2528  1392 1393 1396 1439 -hsync +vsync (86.3 kHz e)
[   734.846] (II) modeset(0): Modeline "1920x1440"x0.0  234.00  1920 2048 2256 2600  1440 1441 1444 1500 -hsync +vsync (90.0 kHz e)
[   734.846] (II) modeset(0): Modeline "1920x1080"x0.0  148.50  1920 2448 2492 2640  1080 1084 1089 1125 +hsync +vsync (56.2 kHz e)
[   734.846] (II) modeset(0): Modeline "800x600"x0.0   40.00  800 840 968 1056  600 601 605 628 +hsync +vsync (37.9 kHz e)
[   734.846] (II) modeset(0): Modeline "640x480"x0.0   25.18  640 656 752 800  480 490 492 525 -hsync -vsync (31.5 kHz e)
[   734.846] (II) modeset(0): Modeline "1024x768"x0.0   65.00  1024 1048 1184 1344  768 771 777 806 -hsync -vsync (48.4 kHz e)
[   734.846] (II) modeset(0): Modeline "2048x1152"x60.0  197.97  2048 2184 2408 2768  1152 1153 1156 1192 -hsync +vsync (71.5 kHz e)
[   734.846] (II) modeset(0): Modeline "1920x1080"x60.0  172.80  1920 2040 2248 2576  1080 1081 1084 1118 -hsync +vsync (67.1 kHz e)
[   734.846] (II) modeset(0): Modeline "1920x1200"x0.0  193.25  1920 2056 2256 2592  1200 1203 1209 1245 -hsync +vsync (74.6 kHz e)
[   734.846] (II) modeset(0): Modeline "1600x1200"x0.0  162.00  1600 1664 1856 2160  1200 1201 1204 1250 +hsync +vsync (75.0 kHz e)
[   734.846] (II) modeset(0): Modeline "1680x1050"x0.0  146.25  1680 1784 1960 2240  1050 1053 1059 1089 -hsync +vsync (65.3 kHz e)
[   734.846] (II) modeset(0): Modeline "1440x900"x0.0  106.50  1440 1520 1672 1904  900 903 909 934 -hsync +vsync (55.9 kHz e)
[   734.846] (II) modeset(0): Modeline "1280x1024"x0.0  108.00  1280 1328 1440 1688  1024 1025 1028 1066 +hsync +vsync (64.0 kHz e)
[   734.846] (II) modeset(0): Modeline "1280x960"x0.0  108.00  1280 1376 1488 1800  960 961 964 1000 +hsync +vsync (60.0 kHz e)
[   735.512] (II) modeset(0): EDID vendor "RHT", prod id 4660
[   735.512] (II) modeset(0): Using hsync ranges from config file
[   735.512] (II) modeset(0): Using vrefresh ranges from config file
[   735.512] (II) modeset(0): Printing DDC gathered Modelines:
[   735.512] (II) modeset(0): Modeline "1280x800"x0.0  107.30  1280 1600 1638 1728  800 804 808 828 -hsync -vsync (62.1 kHz eP)
[   735.512] (II) modeset(0): Modeline "1280x768"x0.0   79.50  1280 1344 1472 1664  768 771 778 798 -hsync +vsync (47.8 kHz e)
[   735.512] (II) modeset(0): Modeline "1360x768"x0.0   85.50  1360 1424 1536 1792  768 771 777 795 +hsync +vsync (47.7 kHz e)
[   735.512] (II) modeset(0): Modeline "1400x1050"x0.0  121.75  1400 1488 1632 1864  1050 1053 1057 1089 -hsync +vsync (65.3 kHz e)
[   735.512] (II) modeset(0): Modeline "1792x1344"x0.0  204.75  1792 1920 2120 2448  1344 1345 1348 1394 -hsync +vsync (83.6 kHz e)
[   735.512] (II) modeset(0): Modeline "1856x1392"x0.0  218.25  1856 1952 2176 2528  1392 1393 1396 1439 -hsync +vsync (86.3 kHz e)
[   735.512] (II) modeset(0): Modeline "1920x1440"x0.0  234.00  1920 2048 2256 2600  1440 1441 1444 1500 -hsync +vsync (90.0 kHz e)
[   735.512] (II) modeset(0): Modeline "1920x1080"x0.0  148.50  1920 2448 2492 2640  1080 1084 1089 1125 +hsync +vsync (56.2 kHz e)
[   735.512] (II) modeset(0): Modeline "800x600"x0.0   40.00  800 840 968 1056  600 601 605 628 +hsync +vsync (37.9 kHz e)
[   735.512] (II) modeset(0): Modeline "640x480"x0.0   25.18  640 656 752 800  480 490 492 525 -hsync -vsync (31.5 kHz e)
[   735.512] (II) modeset(0): Modeline "1024x768"x0.0   65.00  1024 1048 1184 1344  768 771 777 806 -hsync -vsync (48.4 kHz e)
[   735.512] (II) modeset(0): Modeline "2048x1152"x60.0  197.97  2048 2184 2408 2768  1152 1153 1156 1192 -hsync +vsync (71.5 kHz e)
[   735.512] (II) modeset(0): Modeline "1920x1080"x60.0  172.80  1920 2040 2248 2576  1080 1081 1084 1118 -hsync +vsync (67.1 kHz e)
[   735.512] (II) modeset(0): Modeline "1920x1200"x0.0  193.25  1920 2056 2256 2592  1200 1203 1209 1245 -hsync +vsync (74.6 kHz e)
[   735.512] (II) modeset(0): Modeline "1600x1200"x0.0  162.00  1600 1664 1856 2160  1200 1201 1204 1250 +hsync +vsync (75.0 kHz e)
[   735.512] (II) modeset(0): Modeline "1680x1050"x0.0  146.25  1680 1784 1960 2240  1050 1053 1059 1089 -hsync +vsync (65.3 kHz e)
[   735.512] (II) modeset(0): Modeline "1440x900"x0.0  106.50  1440 1520 1672 1904  900 903 909 934 -hsync +vsync (55.9 kHz e)
[   735.512] (II) modeset(0): Modeline "1280x1024"x0.0  108.00  1280 1328 1440 1688  1024 1025 1028 1066 +hsync +vsync (64.0 kHz e)
[   735.512] (II) modeset(0): Modeline "1280x960"x0.0  108.00  1280 1376 1488 1800  960 961 964 1000 +hsync +vsync (60.0 kHz e)
[   735.993] (II) modeset(0): EDID vendor "RHT", prod id 4660
[   735.993] (II) modeset(0): Using hsync ranges from config file
[   735.993] (II) modeset(0): Using vrefresh ranges from config file
[   735.993] (II) modeset(0): Printing DDC gathered Modelines:
[   735.993] (II) modeset(0): Modeline "1280x800"x0.0  107.30  1280 1600 1638 1728  800 804 808 828 -hsync -vsync (62.1 kHz eP)
[   735.993] (II) modeset(0): Modeline "1280x768"x0.0   79.50  1280 1344 1472 1664  768 771 778 798 -hsync +vsync (47.8 kHz e)
[   735.993] (II) modeset(0): Modeline "1360x768"x0.0   85.50  1360 1424 1536 1792  768 771 777 795 +hsync +vsync (47.7 kHz e)
[   735.993] (II) modeset(0): Modeline "1400x1050"x0.0  121.75  1400 1488 1632 1864  1050 1053 1057 1089 -hsync +vsync (65.3 kHz e)
[   735.993] (II) modeset(0): Modeline "1792x1344"x0.0  204.75  1792 1920 2120 2448  1344 1345 1348 1394 -hsync +vsync (83.6 kHz e)
[   735.993] (II) modeset(0): Modeline "1856x1392"x0.0  218.25  1856 1952 2176 2528  1392 1393 1396 1439 -hsync +vsync (86.3 kHz e)
[   735.993] (II) modeset(0): Modeline "1920x1440"x0.0  234.00  1920 2048 2256 2600  1440 1441 1444 1500 -hsync +vsync (90.0 kHz e)
[   735.993] (II) modeset(0): Modeline "1920x1080"x0.0  148.50  1920 2448 2492 2640  1080 1084 1089 1125 +hsync +vsync (56.2 kHz e)
[   735.993] (II) modeset(0): Modeline "800x600"x0.0   40.00  800 840 968 1056  600 601 605 628 +hsync +vsync (37.9 kHz e)
[   735.993] (II) modeset(0): Modeline "640x480"x0.0   25.18  640 656 752 800  480 490 492 525 -hsync -vsync (31.5 kHz e)
[   735.993] (II) modeset(0): Modeline "1024x768"x0.0   65.00  1024 1048 1184 1344  768 771 777 806 -hsync -vsync (48.4 kHz e)
[   735.993] (II) modeset(0): Modeline "2048x1152"x60.0  197.97  2048 2184 2408 2768  1152 1153 1156 1192 -hsync +vsync (71.5 kHz e)
[   735.993] (II) modeset(0): Modeline "1920x1080"x60.0  172.80  1920 2040 2248 2576  1080 1081 1084 1118 -hsync +vsync (67.1 kHz e)
[   735.993] (II) modeset(0): Modeline "1920x1200"x0.0  193.25  1920 2056 2256 2592  1200 1203 1209 1245 -hsync +vsync (74.6 kHz e)
[   735.993] (II) modeset(0): Modeline "1600x1200"x0.0  162.00  1600 1664 1856 2160  1200 1201 1204 1250 +hsync +vsync (75.0 kHz e)
[   735.993] (II) modeset(0): Modeline "1680x1050"x0.0  146.25  1680 1784 1960 2240  1050 1053 1059 1089 -hsync +vsync (65.3 kHz e)
[   735.993] (II) modeset(0): Modeline "1440x900"x0.0  106.50  1440 1520 1672 1904  900 903 909 934 -hsync +vsync (55.9 kHz e)
[   735.993] (II) modeset(0): Modeline "1280x1024"x0.0  108.00  1280 1328 1440 1688  1024 1025 1028 1066 +hsync +vsync (64.0 kHz e)
[   735.993] (II) modeset(0): Modeline "1280x960"x0.0  108.00  1280 1376 1488 1800  960 961 964 1000 +hsync +vsync (60.0 kHz e)
[   736.481] (II) modeset(0): EDID vendor "RHT", prod id 4660
[   736.481] (II) modeset(0): Using hsync ranges from config file
[   736.481] (II) modeset(0): Using vrefresh ranges from config file
[   736.481] (II) modeset(0): Printing DDC gathered Modelines:
[   736.481] (II) modeset(0): Modeline "1280x800"x0.0  107.30  1280 1600 1638 1728  800 804 808 828 -hsync -vsync (62.1 kHz eP)
[   736.481] (II) modeset(0): Modeline "1280x768"x0.0   79.50  1280 1344 1472 1664  768 771 778 798 -hsync +vsync (47.8 kHz e)
[   736.481] (II) modeset(0): Modeline "1360x768"x0.0   85.50  1360 1424 1536 1792  768 771 777 795 +hsync +vsync (47.7 kHz e)
[   736.481] (II) modeset(0): Modeline "1400x1050"x0.0  121.75  1400 1488 1632 1864  1050 1053 1057 1089 -hsync +vsync (65.3 kHz e)
[   736.481] (II) modeset(0): Modeline "1792x1344"x0.0  204.75  1792 1920 2120 2448  1344 1345 1348 1394 -hsync +vsync (83.6 kHz e)
[   736.481] (II) modeset(0): Modeline "1856x1392"x0.0  218.25  1856 1952 2176 2528  1392 1393 1396 1439 -hsync +vsync (86.3 kHz e)
[   736.481] (II) modeset(0): Modeline "1920x1440"x0.0  234.00  1920 2048 2256 2600  1440 1441 1444 1500 -hsync +vsync (90.0 kHz e)
[   736.481] (II) modeset(0): Modeline "1920x1080"x0.0  148.50  1920 2448 2492 2640  1080 1084 1089 1125 +hsync +vsync (56.2 kHz e)
[   736.481] (II) modeset(0): Modeline "800x600"x0.0   40.00  800 840 968 1056  600 601 605 628 +hsync +vsync (37.9 kHz e)
[   736.481] (II) modeset(0): Modeline "640x480"x0.0   25.18  640 656 752 800  480 490 492 525 -hsync -vsync (31.5 kHz e)
[   736.481] (II) modeset(0): Modeline "1024x768"x0.0   65.00  1024 1048 1184 1344  768 771 777 806 -hsync -vsync (48.4 kHz e)
[   736.481] (II) modeset(0): Modeline "2048x1152"x60.0  197.97  2048 2184 2408 2768  1152 1153 1156 1192 -hsync +vsync (71.5 kHz e)
[   736.481] (II) modeset(0): Modeline "1920x1080"x60.0  172.80  1920 2040 2248 2576  1080 1081 1084 1118 -hsync +vsync (67.1 kHz e)
[   736.481] (II) modeset(0): Modeline "1920x1200"x0.0  193.25  1920 2056 2256 2592  1200 1203 1209 1245 -hsync +vsync (74.6 kHz e)
[   736.481] (II) modeset(0): Modeline "1600x1200"x0.0  162.00  1600 1664 1856 2160  1200 1201 1204 1250 +hsync +vsync (75.0 kHz e)
[   736.481] (II) modeset(0): Modeline "1680x1050"x0.0  146.25  1680 1784 1960 2240  1050 1053 1059 1089 -hsync +vsync (65.3 kHz e)
[   736.481] (II) modeset(0): Modeline "1440x900"x0.0  106.50  1440 1520 1672 1904  900 903 909 934 -hsync +vsync (55.9 kHz e)
[   736.481] (II) modeset(0): Modeline "1280x1024"x0.0  108.00  1280 1328 1440 1688  1024 1025 1028 1066 +hsync +vsync (64.0 kHz e)
[   736.481] (II) modeset(0): Modeline "1280x960"x0.0  108.00  1280 1376 1488 1800  960 961 964 1000 +hsync +vsync (60.0 kHz e)
[   736.896] (II) modeset(0): EDID vendor "RHT", prod id 4660
[   736.896] (II) modeset(0): Using hsync ranges from config file
[   736.896] (II) modeset(0): Using vrefresh ranges from config file
[   736.896] (II) modeset(0): Printing DDC gathered Modelines:
[   736.896] (II) modeset(0): Modeline "1280x800"x0.0  107.30  1280 1600 1638 1728  800 804 808 828 -hsync -vsync (62.1 kHz eP)
[   736.896] (II) modeset(0): Modeline "1280x768"x0.0   79.50  1280 1344 1472 1664  768 771 778 798 -hsync +vsync (47.8 kHz e)
[   736.896] (II) modeset(0): Modeline "1360x768"x0.0   85.50  1360 1424 1536 1792  768 771 777 795 +hsync +vsync (47.7 kHz e)
[   736.896] (II) modeset(0): Modeline "1400x1050"x0.0  121.75  1400 1488 1632 1864  1050 1053 1057 1089 -hsync +vsync (65.3 kHz e)
[   736.896] (II) modeset(0): Modeline "1792x1344"x0.0  204.75  1792 1920 2120 2448  1344 1345 1348 1394 -hsync +vsync (83.6 kHz e)
[   736.896] (II) modeset(0): Modeline "1856x1392"x0.0  218.25  1856 1952 2176 2528  1392 1393 1396 1439 -hsync +vsync (86.3 kHz e)
[   736.896] (II) modeset(0): Modeline "1920x1440"x0.0  234.00  1920 2048 2256 2600  1440 1441 1444 1500 -hsync +vsync (90.0 kHz e)
[   736.896] (II) modeset(0): Modeline "1920x1080"x0.0  148.50  1920 2448 2492 2640  1080 1084 1089 1125 +hsync +vsync (56.2 kHz e)
[   736.896] (II) modeset(0): Modeline "800x600"x0.0   40.00  800 840 968 1056  600 601 605 628 +hsync +vsync (37.9 kHz e)
[   736.896] (II) modeset(0): Modeline "640x480"x0.0   25.18  640 656 752 800  480 490 492 525 -hsync -vsync (31.5 kHz e)
[   736.896] (II) modeset(0): Modeline "1024x768"x0.0   65.00  1024 1048 1184 1344  768 771 777 806 -hsync -vsync (48.4 kHz e)
[   736.896] (II) modeset(0): Modeline "2048x1152"x60.0  197.97  2048 2184 2408 2768  1152 1153 1156 1192 -hsync +vsync (71.5 kHz e)
[   736.896] (II) modeset(0): Modeline "1920x1080"x60.0  172.80  1920 2040 2248 2576  1080 1081 1084 1118 -hsync +vsync (67.1 kHz e)
[   736.896] (II) modeset(0): Modeline "1920x1200"x0.0  193.25  1920 2056 2256 2592  1200 1203 1209 1245 -hsync +vsync (74.6 kHz e)
[   736.896] (II) modeset(0): Modeline "1600x1200"x0.0  162.00  1600 1664 1856 2160  1200 1201 1204 1250 +hsync +vsync (75.0 kHz e)
[   736.896] (II) modeset(0): Modeline "1680x1050"x0.0  146.25  1680 1784 1960 2240  1050 1053 1059 1089 -hsync +vsync (65.3 kHz e)
[   736.896] (II) modeset(0): Modeline "1440x900"x0.0  106.50  1440 1520 1672 1904  900 903 909 934 -hsync +vsync (55.9 kHz e)
[   736.896] (II) modeset(0): Modeline "1280x1024"x0.0  108.00  1280 1328 1440 1688  1024 1025 1028 1066 +hsync +vsync (64.0 kHz e)
[   736.896] (II) modeset(0): Modeline "1280x960"x0.0  108.00  1280 1376 1488 1800  960 961 964 1000 +hsync +vsync (60.0 kHz e)
[   737.279] (II) modeset(0): EDID vendor "RHT", prod id 4660
[   737.279] (II) modeset(0): Using hsync ranges from config file
[   737.279] (II) modeset(0): Using vrefresh ranges from config file
[   737.279] (II) modeset(0): Printing DDC gathered Modelines:
[   737.279] (II) modeset(0): Modeline "1280x800"x0.0  107.30  1280 1600 1638 1728  800 804 808 828 -hsync -vsync (62.1 kHz eP)
[   737.279] (II) modeset(0): Modeline "1280x768"x0.0   79.50  1280 1344 1472 1664  768 771 778 798 -hsync +vsync (47.8 kHz e)
[   737.279] (II) modeset(0): Modeline "1360x768"x0.0   85.50  1360 1424 1536 1792  768 771 777 795 +hsync +vsync (47.7 kHz e)
[   737.279] (II) modeset(0): Modeline "1400x1050"x0.0  121.75  1400 1488 1632 1864  1050 1053 1057 1089 -hsync +vsync (65.3 kHz e)
[   737.279] (II) modeset(0): Modeline "1792x1344"x0.0  204.75  1792 1920 2120 2448  1344 1345 1348 1394 -hsync +vsync (83.6 kHz e)
[   737.279] (II) modeset(0): Modeline "1856x1392"x0.0  218.25  1856 1952 2176 2528  1392 1393 1396 1439 -hsync +vsync (86.3 kHz e)
[   737.279] (II) modeset(0): Modeline "1920x1440"x0.0  234.00  1920 2048 2256 2600  1440 1441 1444 1500 -hsync +vsync (90.0 kHz e)
[   737.279] (II) modeset(0): Modeline "1920x1080"x0.0  148.50  1920 2448 2492 2640  1080 1084 1089 1125 +hsync +vsync (56.2 kHz e)
[   737.279] (II) modeset(0): Modeline "800x600"x0.0   40.00  800 840 968 1056  600 601 605 628 +hsync +vsync (37.9 kHz e)
[   737.279] (II) modeset(0): Modeline "640x480"x0.0   25.18  640 656 752 800  480 490 492 525 -hsync -vsync (31.5 kHz e)
[   737.279] (II) modeset(0): Modeline "1024x768"x0.0   65.00  1024 1048 1184 1344  768 771 777 806 -hsync -vsync (48.4 kHz e)
[   737.279] (II) modeset(0): Modeline "2048x1152"x60.0  197.97  2048 2184 2408 2768  1152 1153 1156 1192 -hsync +vsync (71.5 kHz e)
[   737.279] (II) modeset(0): Modeline "1920x1080"x60.0  172.80  1920 2040 2248 2576  1080 1081 1084 1118 -hsync +vsync (67.1 kHz e)
[   737.279] (II) modeset(0): Modeline "1920x1200"x0.0  193.25  1920 2056 2256 2592  1200 1203 1209 1245 -hsync +vsync (74.6 kHz e)
[   737.279] (II) modeset(0): Modeline "1600x1200"x0.0  162.00  1600 1664 1856 2160  1200 1201 1204 1250 +hsync +vsync (75.0 kHz e)
[   737.279] (II) modeset(0): Modeline "1680x1050"x0.0  146.25  1680 1784 1960 2240  1050 1053 1059 1089 -hsync +vsync (65.3 kHz e)
[   737.279] (II) modeset(0): Modeline "1440x900"x0.0  106.50  1440 1520 1672 1904  900 903 909 934 -hsync +vsync (55.9 kHz e)
[   737.279] (II) modeset(0): Modeline "1280x1024"x0.0  108.00  1280 1328 1440 1688  1024 1025 1028 1066 +hsync +vsync (64.0 kHz e)
[   737.279] (II) modeset(0): Modeline "1280x960"x0.0  108.00  1280 1376 1488 1800  960 961 964 1000 +hsync +vsync (60.0 kHz e)
[   737.675] (II) modeset(0): EDID vendor "RHT", prod id 4660
[   737.675] (II) modeset(0): Using hsync ranges from config file
[   737.675] (II) modeset(0): Using vrefresh ranges from config file
[   737.675] (II) modeset(0): Printing DDC gathered Modelines:
[   737.675] (II) modeset(0): Modeline "1280x800"x0.0  107.30  1280 1600 1638 1728  800 804 808 828 -hsync -vsync (62.1 kHz eP)
[   737.675] (II) modeset(0): Modeline "1280x768"x0.0   79.50  1280 1344 1472 1664  768 771 778 798 -hsync +vsync (47.8 kHz e)
[   737.675] (II) modeset(0): Modeline "1360x768"x0.0   85.50  1360 1424 1536 1792  768 771 777 795 +hsync +vsync (47.7 kHz e)
[   737.675] (II) modeset(0): Modeline "1400x1050"x0.0  121.75  1400 1488 1632 1864  1050 1053 1057 1089 -hsync +vsync (65.3 kHz e)
[   737.675] (II) modeset(0): Modeline "1792x1344"x0.0  204.75  1792 1920 2120 2448  1344 1345 1348 1394 -hsync +vsync (83.6 kHz e)
[   737.675] (II) modeset(0): Modeline "1856x1392"x0.0  218.25  1856 1952 2176 2528  1392 1393 1396 1439 -hsync +vsync (86.3 kHz e)
[   737.675] (II) modeset(0): Modeline "1920x1440"x0.0  234.00  1920 2048 2256 2600  1440 1441 1444 1500 -hsync +vsync (90.0 kHz e)
[   737.675] (II) modeset(0): Modeline "1920x1080"x0.0  148.50  1920 2448 2492 2640  1080 1084 1089 1125 +hsync +vsync (56.2 kHz e)
[   737.675] (II) modeset(0): Modeline "800x600"x0.0   40.00  800 840 968 1056  600 601 605 628 +hsync +vsync (37.9 kHz e)
[   737.675] (II) modeset(0): Modeline "640x480"x0.0   25.18  640 656 752 800  480 490 492 525 -hsync -vsync (31.5 kHz e)
[   737.675] (II) modeset(0): Modeline "1024x768"x0.0   65.00  1024 1048 1184 1344  768 771 777 806 -hsync -vsync (48.4 kHz e)
[   737.675] (II) modeset(0): Modeline "2048x1152"x60.0  197.97  2048 2184 2408 2768  1152 1153 1156 1192 -hsync +vsync (71.5 kHz e)
[   737.675] (II) modeset(0): Modeline "1920x1080"x60.0  172.80  1920 2040 2248 2576  1080 1081 1084 1118 -hsync +vsync (67.1 kHz e)
[   737.675] (II) modeset(0): Modeline "1920x1200"x0.0  193.25  1920 2056 2256 2592  1200 1203 1209 1245 -hsync +vsync (74.6 kHz e)
[   737.675] (II) modeset(0): Modeline "1600x1200"x0.0  162.00  1600 1664 1856 2160  1200 1201 1204 1250 +hsync +vsync (75.0 kHz e)
[   737.675] (II) modeset(0): Modeline "1680x1050"x0.0  146.25  1680 1784 1960 2240  1050 1053 1059 1089 -hsync +vsync (65.3 kHz e)
[   737.675] (II) modeset(0): Modeline "1440x900"x0.0  106.50  1440 1520 1672 1904  900 903 909 934 -hsync +vsync (55.9 kHz e)
[   737.675] (II) modeset(0): Modeline "1280x1024"x0.0  108.00  1280 1328 1440 1688  1024 1025 1028 1066 +hsync +vsync (64.0 kHz e)
[   737.675] (II) modeset(0): Modeline "1280x960"x0.0  108.00  1280 1376 1488 1800  960 961 964 1000 +hsync +vsync (60.0 kHz e)
[   738.066] (II) modeset(0): EDID vendor "RHT", prod id 4660
[   738.066] (II) modeset(0): Using hsync ranges from config file
[   738.066] (II) modeset(0): Using vrefresh ranges from config file
[   738.066] (II) modeset(0): Printing DDC gathered Modelines:
[   738.066] (II) modeset(0): Modeline "1280x800"x0.0  107.30  1280 1600 1638 1728  800 804 808 828 -hsync -vsync (62.1 kHz eP)
[   738.066] (II) modeset(0): Modeline "1280x768"x0.0   79.50  1280 1344 1472 1664  768 771 778 798 -hsync +vsync (47.8 kHz e)
[   738.066] (II) modeset(0): Modeline "1360x768"x0.0   85.50  1360 1424 1536 1792  768 771 777 795 +hsync +vsync (47.7 kHz e)
[   738.066] (II) modeset(0): Modeline "1400x1050"x0.0  121.75  1400 1488 1632 1864  1050 1053 1057 1089 -hsync +vsync (65.3 kHz e)
[   738.066] (II) modeset(0): Modeline "1792x1344"x0.0  204.75  1792 1920 2120 2448  1344 1345 1348 1394 -hsync +vsync (83.6 kHz e)
[   738.066] (II) modeset(0): Modeline "1856x1392"x0.0  218.25  1856 1952 2176 2528  1392 1393 1396 1439 -hsync +vsync (86.3 kHz e)
[   738.066] (II) modeset(0): Modeline "1920x1440"x0.0  234.00  1920 2048 2256 2600  1440 1441 1444 1500 -hsync +vsync (90.0 kHz e)
[   738.066] (II) modeset(0): Modeline "1920x1080"x0.0  148.50  1920 2448 2492 2640  1080 1084 1089 1125 +hsync +vsync (56.2 kHz e)
[   738.066] (II) modeset(0): Modeline "800x600"x0.0   40.00  800 840 968 1056  600 601 605 628 +hsync +vsync (37.9 kHz e)
[   738.066] (II) modeset(0): Modeline "640x480"x0.0   25.18  640 656 752 800  480 490 492 525 -hsync -vsync (31.5 kHz e)
[   738.066] (II) modeset(0): Modeline "1024x768"x0.0   65.00  1024 1048 1184 1344  768 771 777 806 -hsync -vsync (48.4 kHz e)
[   738.066] (II) modeset(0): Modeline "2048x1152"x60.0  197.97  2048 2184 2408 2768  1152 1153 1156 1192 -hsync +vsync (71.5 kHz e)
[   738.066] (II) modeset(0): Modeline "1920x1080"x60.0  172.80  1920 2040 2248 2576  1080 1081 1084 1118 -hsync +vsync (67.1 kHz e)
[   738.066] (II) modeset(0): Modeline "1920x1200"x0.0  193.25  1920 2056 2256 2592  1200 1203 1209 1245 -hsync +vsync (74.6 kHz e)
[   738.066] (II) modeset(0): Modeline "1600x1200"x0.0  162.00  1600 1664 1856 2160  1200 1201 1204 1250 +hsync +vsync (75.0 kHz e)
[   738.066] (II) modeset(0): Modeline "1680x1050"x0.0  146.25  1680 1784 1960 2240  1050 1053 1059 1089 -hsync +vsync (65.3 kHz e)
[   738.066] (II) modeset(0): Modeline "1440x900"x0.0  106.50  1440 1520 1672 1904  900 903 909 934 -hsync +vsync (55.9 kHz e)
[   738.066] (II) modeset(0): Modeline "1280x1024"x0.0  108.00  1280 1328 1440 1688  1024 1025 1028 1066 +hsync +vsync (64.0 kHz e)
[   738.066] (II) modeset(0): Modeline "1280x960"x0.0  108.00  1280 1376 1488 1800  960 961 964 1000 +hsync +vsync (60.0 kHz e)
[   738.462] (II) modeset(0): EDID vendor "RHT", prod id 4660
[   738.462] (II) modeset(0): Using hsync ranges from config file
[   738.462] (II) modeset(0): Using vrefresh ranges from config file
[   738.462] (II) modeset(0): Printing DDC gathered Modelines:
[   738.462] (II) modeset(0): Modeline "1280x800"x0.0  107.30  1280 1600 1638 1728  800 804 808 828 -hsync -vsync (62.1 kHz eP)
[   738.462] (II) modeset(0): Modeline "1280x768"x0.0   79.50  1280 1344 1472 1664  768 771 778 798 -hsync +vsync (47.8 kHz e)
[   738.462] (II) modeset(0): Modeline "1360x768"x0.0   85.50  1360 1424 1536 1792  768 771 777 795 +hsync +vsync (47.7 kHz e)
[   738.462] (II) modeset(0): Modeline "1400x1050"x0.0  121.75  1400 1488 1632 1864  1050 1053 1057 1089 -hsync +vsync (65.3 kHz e)
[   738.462] (II) modeset(0): Modeline "1792x1344"x0.0  204.75  1792 1920 2120 2448  1344 1345 1348 1394 -hsync +vsync (83.6 kHz e)
[   738.462] (II) modeset(0): Modeline "1856x1392"x0.0  218.25  1856 1952 2176 2528  1392 1393 1396 1439 -hsync +vsync (86.3 kHz e)
[   738.462] (II) modeset(0): Modeline "1920x1440"x0.0  234.00  1920 2048 2256 2600  1440 1441 1444 1500 -hsync +vsync (90.0 kHz e)
[   738.462] (II) modeset(0): Modeline "1920x1080"x0.0  148.50  1920 2448 2492 2640  1080 1084 1089 1125 +hsync +vsync (56.2 kHz e)
[   738.462] (II) modeset(0): Modeline "800x600"x0.0   40.00  800 840 968 1056  600 601 605 628 +hsync +vsync (37.9 kHz e)
[   738.462] (II) modeset(0): Modeline "640x480"x0.0   25.18  640 656 752 800  480 490 492 525 -hsync -vsync (31.5 kHz e)
[   738.462] (II) modeset(0): Modeline "1024x768"x0.0   65.00  1024 1048 1184 1344  768 771 777 806 -hsync -vsync (48.4 kHz e)
[   738.462] (II) modeset(0): Modeline "2048x1152"x60.0  197.97  2048 2184 2408 2768  1152 1153 1156 1192 -hsync +vsync (71.5 kHz e)
[   738.462] (II) modeset(0): Modeline "1920x1080"x60.0  172.80  1920 2040 2248 2576  1080 1081 1084 1118 -hsync +vsync (67.1 kHz e)
[   738.462] (II) modeset(0): Modeline "1920x1200"x0.0  193.25  1920 2056 2256 2592  1200 1203 1209 1245 -hsync +vsync (74.6 kHz e)
[   738.462] (II) modeset(0): Modeline "1600x1200"x0.0  162.00  1600 1664 1856 2160  1200 1201 1204 1250 +hsync +vsync (75.0 kHz e)
[   738.462] (II) modeset(0): Modeline "1680x1050"x0.0  146.25  1680 1784 1960 2240  1050 1053 1059 1089 -hsync +vsync (65.3 kHz e)
[   738.462] (II) modeset(0): Modeline "1440x900"x0.0  106.50  1440 1520 1672 1904  900 903 909 934 -hsync +vsync (55.9 kHz e)
[   738.462] (II) modeset(0): Modeline "1280x1024"x0.0  108.00  1280 1328 1440 1688  1024 1025 1028 1066 +hsync +vsync (64.0 kHz e)
[   738.462] (II) modeset(0): Modeline "1280x960"x0.0  108.00  1280 1376 1488 1800  960 961 964 1000 +hsync +vsync (60.0 kHz e)
[   738.824] (II) modeset(0): EDID vendor "RHT", prod id 4660
[   738.824] (II) modeset(0): Using hsync ranges from config file
[   738.824] (II) modeset(0): Using vrefresh ranges from config file
[   738.824] (II) modeset(0): Printing DDC gathered Modelines:
[   738.824] (II) modeset(0): Modeline "1280x800"x0.0  107.30  1280 1600 1638 1728  800 804 808 828 -hsync -vsync (62.1 kHz eP)
[   738.824] (II) modeset(0): Modeline "1280x768"x0.0   79.50  1280 1344 1472 1664  768 771 778 798 -hsync +vsync (47.8 kHz e)
[   738.824] (II) modeset(0): Modeline "1360x768"x0.0   85.50  1360 1424 1536 1792  768 771 777 795 +hsync +vsync (47.7 kHz e)
[   738.824] (II) modeset(0): Modeline "1400x1050"x0.0  121.75  1400 1488 1632 1864  1050 1053 1057 1089 -hsync +vsync (65.3 kHz e)
[   738.824] (II) modeset(0): Modeline "1792x1344"x0.0  204.75  1792 1920 2120 2448  1344 1345 1348 1394 -hsync +vsync (83.6 kHz e)
[   738.824] (II) modeset(0): Modeline "1856x1392"x0.0  218.25  1856 1952 2176 2528  1392 1393 1396 1439 -hsync +vsync (86.3 kHz e)
[   738.824] (II) modeset(0): Modeline "1920x1440"x0.0  234.00  1920 2048 2256 2600  1440 1441 1444 1500 -hsync +vsync (90.0 kHz e)
[   738.824] (II) modeset(0): Modeline "1920x1080"x0.0  148.50  1920 2448 2492 2640  1080 1084 1089 1125 +hsync +vsync (56.2 kHz e)
[   738.824] (II) modeset(0): Modeline "800x600"x0.0   40.00  800 840 968 1056  600 601 605 628 +hsync +vsync (37.9 kHz e)
[   738.824] (II) modeset(0): Modeline "640x480"x0.0   25.18  640 656 752 800  480 490 492 525 -hsync -vsync (31.5 kHz e)
[   738.824] (II) modeset(0): Modeline "1024x768"x0.0   65.00  1024 1048 1184 1344  768 771 777 806 -hsync -vsync (48.4 kHz e)
[   738.824] (II) modeset(0): Modeline "2048x1152"x60.0  197.97  2048 2184 2408 2768  1152 1153 1156 1192 -hsync +vsync (71.5 kHz e)
[   738.824] (II) modeset(0): Modeline "1920x1080"x60.0  172.80  1920 2040 2248 2576  1080 1081 1084 1118 -hsync +vsync (67.1 kHz e)
[   738.824] (II) modeset(0): Modeline "1920x1200"x0.0  193.25  1920 2056 2256 2592  1200 1203 1209 1245 -hsync +vsync (74.6 kHz e)
[   738.824] (II) modeset(0): Modeline "1600x1200"x0.0  162.00  1600 1664 1856 2160  1200 1201 1204 1250 +hsync +vsync (75.0 kHz e)
[   738.824] (II) modeset(0): Modeline "1680x1050"x0.0  146.25  1680 1784 1960 2240  1050 1053 1059 1089 -hsync +vsync (65.3 kHz e)
[   738.824] (II) modeset(0): Modeline "1440x900"x0.0  106.50  1440 1520 1672 1904  900 903 909 934 -hsync +vsync (55.9 kHz e)
[   738.824] (II) modeset(0): Modeline "1280x1024"x0.0  108.00  1280 1328 1440 1688  1024 1025 1028 1066 +hsync +vsync (64.0 kHz e)
[   738.824] (II) modeset(0): Modeline "1280x960"x0.0  108.00  1280 1376 1488 1800  960 961 964 1000 +hsync +vsync (60.0 kHz e)
[   739.228] (II) modeset(0): EDID vendor "RHT", prod id 4660
[   739.228] (II) modeset(0): Using hsync ranges from config file
[   739.228] (II) modeset(0): Using vrefresh ranges from config file
[   739.228] (II) modeset(0): Printing DDC gathered Modelines:
[   739.228] (II) modeset(0): Modeline "1280x800"x0.0  107.30  1280 1600 1638 1728  800 804 808 828 -hsync -vsync (62.1 kHz eP)
[   739.228] (II) modeset(0): Modeline "1280x768"x0.0   79.50  1280 1344 1472 1664  768 771 778 798 -hsync +vsync (47.8 kHz e)
[   739.228] (II) modeset(0): Modeline "1360x768"x0.0   85.50  1360 1424 1536 1792  768 771 777 795 +hsync +vsync (47.7 kHz e)
[   739.228] (II) modeset(0): Modeline "1400x1050"x0.0  121.75  1400 1488 1632 1864  1050 1053 1057 1089 -hsync +vsync (65.3 kHz e)
[   739.228] (II) modeset(0): Modeline "1792x1344"x0.0  204.75  1792 1920 2120 2448  1344 1345 1348 1394 -hsync +vsync (83.6 kHz e)
[   739.228] (II) modeset(0): Modeline "1856x1392"x0.0  218.25  1856 1952 2176 2528  1392 1393 1396 1439 -hsync +vsync (86.3 kHz e)
[   739.228] (II) modeset(0): Modeline "1920x1440"x0.0  234.00  1920 2048 2256 2600  1440 1441 1444 1500 -hsync +vsync (90.0 kHz e)
[   739.228] (II) modeset(0): Modeline "1920x1080"x0.0  148.50  1920 2448 2492 2640  1080 1084 1089 1125 +hsync +vsync (56.2 kHz e)
[   739.228] (II) modeset(0): Modeline "800x600"x0.0   40.00  800 840 968 1056  600 601 605 628 +hsync +vsync (37.9 kHz e)
[   739.228] (II) modeset(0): Modeline "640x480"x0.0   25.18  640 656 752 800  480 490 492 525 -hsync -vsync (31.5 kHz e)
[   739.228] (II) modeset(0): Modeline "1024x768"x0.0   65.00  1024 1048 1184 1344  768 771 777 806 -hsync -vsync (48.4 kHz e)
[   739.228] (II) modeset(0): Modeline "2048x1152"x60.0  197.97  2048 2184 2408 2768  1152 1153 1156 1192 -hsync +vsync (71.5 kHz e)
[   739.228] (II) modeset(0): Modeline "1920x1080"x60.0  172.80  1920 2040 2248 2576  1080 1081 1084 1118 -hsync +vsync (67.1 kHz e)
[   739.228] (II) modeset(0): Modeline "1920x1200"x0.0  193.25  1920 2056 2256 2592  1200 1203 1209 1245 -hsync +vsync (74.6 kHz e)
[   739.228] (II) modeset(0): Modeline "1600x1200"x0.0  162.00  1600 1664 1856 2160  1200 1201 1204 1250 +hsync +vsync (75.0 kHz e)
[   739.228] (II) modeset(0): Modeline "1680x1050"x0.0  146.25  1680 1784 1960 2240  1050 1053 1059 1089 -hsync +vsync (65.3 kHz e)
[   739.228] (II) modeset(0): Modeline "1440x900"x0.0  106.50  1440 1520 1672 1904  900 903 909 934 -hsync +vsync (55.9 kHz e)
[   739.228] (II) modeset(0): Modeline "1280x1024"x0.0  108.00  1280 1328 1440 1688  1024 1025 1028 1066 +hsync +vsync (64.0 kHz e)
[   739.228] (II) modeset(0): Modeline "1280x960"x0.0  108.00  1280 1376 1488 1800  960 961 964 1000 +hsync +vsync (60.0 kHz e)
[   739.639] (II) modeset(0): EDID vendor "RHT", prod id 4660
[   739.639] (II) modeset(0): Using hsync ranges from config file
[   739.639] (II) modeset(0): Using vrefresh ranges from config file
[   739.639] (II) modeset(0): Printing DDC gathered Modelines:
[   739.639] (II) modeset(0): Modeline "1280x800"x0.0  107.30  1280 1600 1638 1728  800 804 808 828 -hsync -vsync (62.1 kHz eP)
[   739.639] (II) modeset(0): Modeline "1280x768"x0.0   79.50  1280 1344 1472 1664  768 771 778 798 -hsync +vsync (47.8 kHz e)
[   739.639] (II) modeset(0): Modeline "1360x768"x0.0   85.50  1360 1424 1536 1792  768 771 777 795 +hsync +vsync (47.7 kHz e)
[   739.639] (II) modeset(0): Modeline "1400x1050"x0.0  121.75  1400 1488 1632 1864  1050 1053 1057 1089 -hsync +vsync (65.3 kHz e)
[   739.639] (II) modeset(0): Modeline "1792x1344"x0.0  204.75  1792 1920 2120 2448  1344 1345 1348 1394 -hsync +vsync (83.6 kHz e)
[   739.639] (II) modeset(0): Modeline "1856x1392"x0.0  218.25  1856 1952 2176 2528  1392 1393 1396 1439 -hsync +vsync (86.3 kHz e)
[   739.639] (II) modeset(0): Modeline "1920x1440"x0.0  234.00  1920 2048 2256 2600  1440 1441 1444 1500 -hsync +vsync (90.0 kHz e)
[   739.639] (II) modeset(0): Modeline "1920x1080"x0.0  148.50  1920 2448 2492 2640  1080 1084 1089 1125 +hsync +vsync (56.2 kHz e)
[   739.639] (II) modeset(0): Modeline "800x600"x0.0   40.00  800 840 968 1056  600 601 605 628 +hsync +vsync (37.9 kHz e)
[   739.639] (II) modeset(0): Modeline "640x480"x0.0   25.18  640 656 752 800  480 490 492 525 -hsync -vsync (31.5 kHz e)
[   739.639] (II) modeset(0): Modeline "1024x768"x0.0   65.00  1024 1048 1184 1344  768 771 777 806 -hsync -vsync (48.4 kHz e)
[   739.639] (II) modeset(0): Modeline "2048x1152"x60.0  197.97  2048 2184 2408 2768  1152 1153 1156 1192 -hsync +vsync (71.5 kHz e)
[   739.639] (II) modeset(0): Modeline "1920x1080"x60.0  172.80  1920 2040 2248 2576  1080 1081 1084 1118 -hsync +vsync (67.1 kHz e)
[   739.639] (II) modeset(0): Modeline "1920x1200"x0.0  193.25  1920 2056 2256 2592  1200 1203 1209 1245 -hsync +vsync (74.6 kHz e)
[   739.639] (II) modeset(0): Modeline "1600x1200"x0.0  162.00  1600 1664 1856 2160  1200 1201 1204 1250 +hsync +vsync (75.0 kHz e)
[   739.639] (II) modeset(0): Modeline "1680x1050"x0.0  146.25  1680 1784 1960 2240  1050 1053 1059 1089 -hsync +vsync (65.3 kHz e)
[   739.639] (II) modeset(0): Modeline "1440x900"x0.0  106.50  1440 1520 1672 1904  900 903 909 934 -hsync +vsync (55.9 kHz e)
[   739.639] (II) modeset(0): Modeline "1280x1024"x0.0  108.00  1280 1328 1440 1688  1024 1025 1028 1066 +hsync +vsync (64.0 kHz e)
[   739.639] (II) modeset(0): Modeline "1280x960"x0.0  108.00  1280 1376 1488 1800  960 961 964 1000 +hsync +vsync (60.0 kHz e)
[   740.013] (II) modeset(0): EDID vendor "RHT", prod id 4660
[   740.013] (II) modeset(0): Using hsync ranges from config file
[   740.013] (II) modeset(0): Using vrefresh ranges from config file
[   740.013] (II) modeset(0): Printing DDC gathered Modelines:
[   740.013] (II) modeset(0): Modeline "1280x800"x0.0  107.30  1280 1600 1638 1728  800 804 808 828 -hsync -vsync (62.1 kHz eP)
[   740.013] (II) modeset(0): Modeline "1280x768"x0.0   79.50  1280 1344 1472 1664  768 771 778 798 -hsync +vsync (47.8 kHz e)
[   740.013] (II) modeset(0): Modeline "1360x768"x0.0   85.50  1360 1424 1536 1792  768 771 777 795 +hsync +vsync (47.7 kHz e)
[   740.013] (II) modeset(0): Modeline "1400x1050"x0.0  121.75  1400 1488 1632 1864  1050 1053 1057 1089 -hsync +vsync (65.3 kHz e)
[   740.013] (II) modeset(0): Modeline "1792x1344"x0.0  204.75  1792 1920 2120 2448  1344 1345 1348 1394 -hsync +vsync (83.6 kHz e)
[   740.013] (II) modeset(0): Modeline "1856x1392"x0.0  218.25  1856 1952 2176 2528  1392 1393 1396 1439 -hsync +vsync (86.3 kHz e)
[   740.013] (II) modeset(0): Modeline "1920x1440"x0.0  234.00  1920 2048 2256 2600  1440 1441 1444 1500 -hsync +vsync (90.0 kHz e)
[   740.013] (II) modeset(0): Modeline "1920x1080"x0.0  148.50  1920 2448 2492 2640  1080 1084 1089 1125 +hsync +vsync (56.2 kHz e)
[   740.013] (II) modeset(0): Modeline "800x600"x0.0   40.00  800 840 968 1056  600 601 605 628 +hsync +vsync (37.9 kHz e)
[   740.013] (II) modeset(0): Modeline "640x480"x0.0   25.18  640 656 752 800  480 490 492 525 -hsync -vsync (31.5 kHz e)
[   740.013] (II) modeset(0): Modeline "1024x768"x0.0   65.00  1024 1048 1184 1344  768 771 777 806 -hsync -vsync (48.4 kHz e)
[   740.013] (II) modeset(0): Modeline "2048x1152"x60.0  197.97  2048 2184 2408 2768  1152 1153 1156 1192 -hsync +vsync (71.5 kHz e)
[   740.013] (II) modeset(0): Modeline "1920x1080"x60.0  172.80  1920 2040 2248 2576  1080 1081 1084 1118 -hsync +vsync (67.1 kHz e)
[   740.013] (II) modeset(0): Modeline "1920x1200"x0.0  193.25  1920 2056 2256 2592  1200 1203 1209 1245 -hsync +vsync (74.6 kHz e)
[   740.013] (II) modeset(0): Modeline "1600x1200"x0.0  162.00  1600 1664 1856 2160  1200 1201 1204 1250 +hsync +vsync (75.0 kHz e)
[   740.013] (II) modeset(0): Modeline "1680x1050"x0.0  146.25  1680 1784 1960 2240  1050 1053 1059 1089 -hsync +vsync (65.3 kHz e)
[   740.013] (II) modeset(0): Modeline "1440x900"x0.0  106.50  1440 1520 1672 1904  900 903 909 934 -hsync +vsync (55.9 kHz e)
[   740.013] (II) modeset(0): Modeline "1280x1024"x0.0  108.00  1280 1328 1440 1688  1024 1025 1028 1066 +hsync +vsync (64.0 kHz e)
[   740.013] (II) modeset(0): Modeline "1280x960"x0.0  108.00  1280 1376 1488 1800  960 961 964 1000 +hsync +vsync (60.0 kHz e)
[   740.366] (II) modeset(0): EDID vendor "RHT", prod id 4660
[   740.366] (II) modeset(0): Using hsync ranges from config file
[   740.366] (II) modeset(0): Using vrefresh ranges from config file
[   740.366] (II) modeset(0): Printing DDC gathered Modelines:
[   740.366] (II) modeset(0): Modeline "1280x800"x0.0  107.30  1280 1600 1638 1728  800 804 808 828 -hsync -vsync (62.1 kHz eP)
[   740.366] (II) modeset(0): Modeline "1280x768"x0.0   79.50  1280 1344 1472 1664  768 771 778 798 -hsync +vsync (47.8 kHz e)
[   740.366] (II) modeset(0): Modeline "1360x768"x0.0   85.50  1360 1424 1536 1792  768 771 777 795 +hsync +vsync (47.7 kHz e)
[   740.366] (II) modeset(0): Modeline "1400x1050"x0.0  121.75  1400 1488 1632 1864  1050 1053 1057 1089 -hsync +vsync (65.3 kHz e)
[   740.366] (II) modeset(0): Modeline "1792x1344"x0.0  204.75  1792 1920 2120 2448  1344 1345 1348 1394 -hsync +vsync (83.6 kHz e)
[   740.366] (II) modeset(0): Modeline "1856x1392"x0.0  218.25  1856 1952 2176 2528  1392 1393 1396 1439 -hsync +vsync (86.3 kHz e)
[   740.366] (II) modeset(0): Modeline "1920x1440"x0.0  234.00  1920 2048 2256 2600  1440 1441 1444 1500 -hsync +vsync (90.0 kHz e)
[   740.366] (II) modeset(0): Modeline "1920x1080"x0.0  148.50  1920 2448 2492 2640  1080 1084 1089 1125 +hsync +vsync (56.2 kHz e)
[   740.366] (II) modeset(0): Modeline "800x600"x0.0   40.00  800 840 968 1056  600 601 605 628 +hsync +vsync (37.9 kHz e)
[   740.366] (II) modeset(0): Modeline "640x480"x0.0   25.18  640 656 752 800  480 490 492 525 -hsync -vsync (31.5 kHz e)
[   740.366] (II) modeset(0): Modeline "1024x768"x0.0   65.00  1024 1048 1184 1344  768 771 777 806 -hsync -vsync (48.4 kHz e)
[   740.366] (II) modeset(0): Modeline "2048x1152"x60.0  197.97  2048 2184 2408 2768  1152 1153 1156 1192 -hsync +vsync (71.5 kHz e)
[   740.366] (II) modeset(0): Modeline "1920x1080"x60.0  172.80  1920 2040 2248 2576  1080 1081 1084 1118 -hsync +vsync (67.1 kHz e)
[   740.366] (II) modeset(0): Modeline "1920x1200"x0.0  193.25  1920 2056 2256 2592  1200 1203 1209 1245 -hsync +vsync (74.6 kHz e)
[   740.366] (II) modeset(0): Modeline "1600x1200"x0.0  162.00  1600 1664 1856 2160  1200 1201 1204 1250 +hsync +vsync (75.0 kHz e)
[   740.366] (II) modeset(0): Modeline "1680x1050"x0.0  146.25  1680 1784 1960 2240  1050 1053 1059 1089 -hsync +vsync (65.3 kHz e)
[   740.366] (II) modeset(0): Modeline "1440x900"x0.0  106.50  1440 1520 1672 1904  900 903 909 934 -hsync +vsync (55.9 kHz e)
[   740.366] (II) modeset(0): Modeline "1280x1024"x0.0  108.00  1280 1328 1440 1688  1024 1025 1028 1066 +hsync +vsync (64.0 kHz e)
[   740.366] (II) modeset(0): Modeline "1280x960"x0.0  108.00  1280 1376 1488 1800  960 961 964 1000 +hsync +vsync (60.0 kHz e)
[   740.744] (II) modeset(0): EDID vendor "RHT", prod id 4660
[   740.744] (II) modeset(0): Using hsync ranges from config file
[   740.744] (II) modeset(0): Using vrefresh ranges from config file
[   740.744] (II) modeset(0): Printing DDC gathered Modelines:
[   740.744] (II) modeset(0): Modeline "1280x800"x0.0  107.30  1280 1600 1638 1728  800 804 808 828 -hsync -vsync (62.1 kHz eP)
[   740.744] (II) modeset(0): Modeline "1280x768"x0.0   79.50  1280 1344 1472 1664  768 771 778 798 -hsync +vsync (47.8 kHz e)
[   740.744] (II) modeset(0): Modeline "1360x768"x0.0   85.50  1360 1424 1536 1792  768 771 777 795 +hsync +vsync (47.7 kHz e)
[   740.744] (II) modeset(0): Modeline "1400x1050"x0.0  121.75  1400 1488 1632 1864  1050 1053 1057 1089 -hsync +vsync (65.3 kHz e)
[   740.744] (II) modeset(0): Modeline "1792x1344"x0.0  204.75  1792 1920 2120 2448  1344 1345 1348 1394 -hsync +vsync (83.6 kHz e)
[   740.744] (II) modeset(0): Modeline "1856x1392"x0.0  218.25  1856 1952 2176 2528  1392 1393 1396 1439 -hsync +vsync (86.3 kHz e)
[   740.744] (II) modeset(0): Modeline "1920x1440"x0.0  234.00  1920 2048 2256 2600  1440 1441 1444 1500 -hsync +vsync (90.0 kHz e)
[   740.744] (II) modeset(0): Modeline "1920x1080"x0.0  148.50  1920 2448 2492 2640  1080 1084 1089 1125 +hsync +vsync (56.2 kHz e)
[   740.744] (II) modeset(0): Modeline "800x600"x0.0   40.00  800 840 968 1056  600 601 605 628 +hsync +vsync (37.9 kHz e)
[   740.744] (II) modeset(0): Modeline "640x480"x0.0   25.18  640 656 752 800  480 490 492 525 -hsync -vsync (31.5 kHz e)
[   740.744] (II) modeset(0): Modeline "1024x768"x0.0   65.00  1024 1048 1184 1344  768 771 777 806 -hsync -vsync (48.4 kHz e)
[   740.744] (II) modeset(0): Modeline "2048x1152"x60.0  197.97  2048 2184 2408 2768  1152 1153 1156 1192 -hsync +vsync (71.5 kHz e)
[   740.744] (II) modeset(0): Modeline "1920x1080"x60.0  172.80  1920 2040 2248 2576  1080 1081 1084 1118 -hsync +vsync (67.1 kHz e)
[   740.744] (II) modeset(0): Modeline "1920x1200"x0.0  193.25  1920 2056 2256 2592  1200 1203 1209 1245 -hsync +vsync (74.6 kHz e)
[   740.744] (II) modeset(0): Modeline "1600x1200"x0.0  162.00  1600 1664 1856 2160  1200 1201 1204 1250 +hsync +vsync (75.0 kHz e)
[   740.744] (II) modeset(0): Modeline "1680x1050"x0.0  146.25  1680 1784 1960 2240  1050 1053 1059 1089 -hsync +vsync (65.3 kHz e)
[   740.744] (II) modeset(0): Modeline "1440x900"x0.0  106.50  1440 1520 1672 1904  900 903 909 934 -hsync +vsync (55.9 kHz e)
[   740.744] (II) modeset(0): Modeline "1280x1024"x0.0  108.00  1280 1328 1440 1688  1024 1025 1028 1066 +hsync +vsync (64.0 kHz e)
[   740.744] (II) modeset(0): Modeline "1280x960"x0.0  108.00  1280 1376 1488 1800  960 961 964 1000 +hsync +vsync (60.0 kHz e)
[   741.091] (II) modeset(0): EDID vendor "RHT", prod id 4660
[   741.091] (II) modeset(0): Using hsync ranges from config file
[   741.091] (II) modeset(0): Using vrefresh ranges from config file
[   741.091] (II) modeset(0): Printing DDC gathered Modelines:
[   741.091] (II) modeset(0): Modeline "1280x800"x0.0  107.30  1280 1600 1638 1728  800 804 808 828 -hsync -vsync (62.1 kHz eP)
[   741.091] (II) modeset(0): Modeline "1280x768"x0.0   79.50  1280 1344 1472 1664  768 771 778 798 -hsync +vsync (47.8 kHz e)
[   741.091] (II) modeset(0): Modeline "1360x768"x0.0   85.50  1360 1424 1536 1792  768 771 777 795 +hsync +vsync (47.7 kHz e)
[   741.091] (II) modeset(0): Modeline "1400x1050"x0.0  121.75  1400 1488 1632 1864  1050 1053 1057 1089 -hsync +vsync (65.3 kHz e)
[   741.091] (II) modeset(0): Modeline "1792x1344"x0.0  204.75  1792 1920 2120 2448  1344 1345 1348 1394 -hsync +vsync (83.6 kHz e)
[   741.091] (II) modeset(0): Modeline "1856x1392"x0.0  218.25  1856 1952 2176 2528  1392 1393 1396 1439 -hsync +vsync (86.3 kHz e)
[   741.091] (II) modeset(0): Modeline "1920x1440"x0.0  234.00  1920 2048 2256 2600  1440 1441 1444 1500 -hsync +vsync (90.0 kHz e)
[   741.091] (II) modeset(0): Modeline "1920x1080"x0.0  148.50  1920 2448 2492 2640  1080 1084 1089 1125 +hsync +vsync (56.2 kHz e)
[   741.091] (II) modeset(0): Modeline "800x600"x0.0   40.00  800 840 968 1056  600 601 605 628 +hsync +vsync (37.9 kHz e)
[   741.091] (II) modeset(0): Modeline "640x480"x0.0   25.18  640 656 752 800  480 490 492 525 -hsync -vsync (31.5 kHz e)
[   741.091] (II) modeset(0): Modeline "1024x768"x0.0   65.00  1024 1048 1184 1344  768 771 777 806 -hsync -vsync (48.4 kHz e)
[   741.091] (II) modeset(0): Modeline "2048x1152"x60.0  197.97  2048 2184 2408 2768  1152 1153 1156 1192 -hsync +vsync (71.5 kHz e)
[   741.091] (II) modeset(0): Modeline "1920x1080"x60.0  172.80  1920 2040 2248 2576  1080 1081 1084 1118 -hsync +vsync (67.1 kHz e)
[   741.091] (II) modeset(0): Modeline "1920x1200"x0.0  193.25  1920 2056 2256 2592  1200 1203 1209 1245 -hsync +vsync (74.6 kHz e)
[   741.091] (II) modeset(0): Modeline "1600x1200"x0.0  162.00  1600 1664 1856 2160  1200 1201 1204 1250 +hsync +vsync (75.0 kHz e)
[   741.091] (II) modeset(0): Modeline "1680x1050"x0.0  146.25  1680 1784 1960 2240  1050 1053 1059 1089 -hsync +vsync (65.3 kHz e)
[   741.091] (II) modeset(0): Modeline "1440x900"x0.0  106.50  1440 1520 1672 1904  900 903 909 934 -hsync +vsync (55.9 kHz e)
[   741.091] (II) modeset(0): Modeline "1280x1024"x0.0  108.00  1280 1328 1440 1688  1024 1025 1028 1066 +hsync +vsync (64.0 kHz e)
[   741.091] (II) modeset(0): Modeline "1280x960"x0.0  108.00  1280 1376 1488 1800  960 961 964 1000 +hsync +vsync (60.0 kHz e)
[   741.479] (II) modeset(0): EDID vendor "RHT", prod id 4660
[   741.479] (II) modeset(0): Using hsync ranges from config file
[   741.479] (II) modeset(0): Using vrefresh ranges from config file
[   741.479] (II) modeset(0): Printing DDC gathered Modelines:
[   741.479] (II) modeset(0): Modeline "1280x800"x0.0  107.30  1280 1600 1638 1728  800 804 808 828 -hsync -vsync (62.1 kHz eP)
[   741.479] (II) modeset(0): Modeline "1280x768"x0.0   79.50  1280 1344 1472 1664  768 771 778 798 -hsync +vsync (47.8 kHz e)
[   741.479] (II) modeset(0): Modeline "1360x768"x0.0   85.50  1360 1424 1536 1792  768 771 777 795 +hsync +vsync (47.7 kHz e)
[   741.479] (II) modeset(0): Modeline "1400x1050"x0.0  121.75  1400 1488 1632 1864  1050 1053 1057 1089 -hsync +vsync (65.3 kHz e)
[   741.479] (II) modeset(0): Modeline "1792x1344"x0.0  204.75  1792 1920 2120 2448  1344 1345 1348 1394 -hsync +vsync (83.6 kHz e)
[   741.479] (II) modeset(0): Modeline "1856x1392"x0.0  218.25  1856 1952 2176 2528  1392 1393 1396 1439 -hsync +vsync (86.3 kHz e)
[   741.479] (II) modeset(0): Modeline "1920x1440"x0.0  234.00  1920 2048 2256 2600  1440 1441 1444 1500 -hsync +vsync (90.0 kHz e)
[   741.479] (II) modeset(0): Modeline "1920x1080"x0.0  148.50  1920 2448 2492 2640  1080 1084 1089 1125 +hsync +vsync (56.2 kHz e)
[   741.479] (II) modeset(0): Modeline "800x600"x0.0   40.00  800 840 968 1056  600 601 605 628 +hsync +vsync (37.9 kHz e)
[   741.479] (II) modeset(0): Modeline "640x480"x0.0   25.18  640 656 752 800  480 490 492 525 -hsync -vsync (31.5 kHz e)
[   741.479] (II) modeset(0): Modeline "1024x768"x0.0   65.00  1024 1048 1184 1344  768 771 777 806 -hsync -vsync (48.4 kHz e)
[   741.479] (II) modeset(0): Modeline "2048x1152"x60.0  197.97  2048 2184 2408 2768  1152 1153 1156 1192 -hsync +vsync (71.5 kHz e)
[   741.479] (II) modeset(0): Modeline "1920x1080"x60.0  172.80  1920 2040 2248 2576  1080 1081 1084 1118 -hsync +vsync (67.1 kHz e)
[   741.479] (II) modeset(0): Modeline "1920x1200"x0.0  193.25  1920 2056 2256 2592  1200 1203 1209 1245 -hsync +vsync (74.6 kHz e)
[   741.479] (II) modeset(0): Modeline "1600x1200"x0.0  162.00  1600 1664 1856 2160  1200 1201 1204 1250 +hsync +vsync (75.0 kHz e)
[   741.479] (II) modeset(0): Modeline "1680x1050"x0.0  146.25  1680 1784 1960 2240  1050 1053 1059 1089 -hsync +vsync (65.3 kHz e)
[   741.479] (II) modeset(0): Modeline "1440x900"x0.0  106.50  1440 1520 1672 1904  900 903 909 934 -hsync +vsync (55.9 kHz e)
[   741.479] (II) modeset(0): Modeline "1280x1024"x0.0  108.00  1280 1328 1440 1688  1024 1025 1028 1066 +hsync +vsync (64.0 kHz e)
[   741.479] (II) modeset(0): Modeline "1280x960"x0.0  108.00  1280 1376 1488 1800  960 961 964 1000 +hsync +vsync (60.0 kHz e)
[   741.714] (II) modeset(0): EDID vendor "RHT", prod id 4660
[   741.714] (II) modeset(0): Using hsync ranges from config file
[   741.714] (II) modeset(0): Using vrefresh ranges from config file
[   741.714] (II) modeset(0): Printing DDC gathered Modelines:
[   741.714] (II) modeset(0): Modeline "1280x800"x0.0  107.30  1280 1600 1638 1728  800 804 808 828 -hsync -vsync (62.1 kHz eP)
[   741.714] (II) modeset(0): Modeline "1280x768"x0.0   79.50  1280 1344 1472 1664  768 771 778 798 -hsync +vsync (47.8 kHz e)
[   741.714] (II) modeset(0): Modeline "1360x768"x0.0   85.50  1360 1424 1536 1792  768 771 777 795 +hsync +vsync (47.7 kHz e)
[   741.714] (II) modeset(0): Modeline "1400x1050"x0.0  121.75  1400 1488 1632 1864  1050 1053 1057 1089 -hsync +vsync (65.3 kHz e)
[   741.714] (II) modeset(0): Modeline "1792x1344"x0.0  204.75  1792 1920 2120 2448  1344 1345 1348 1394 -hsync +vsync (83.6 kHz e)
[   741.714] (II) modeset(0): Modeline "1856x1392"x0.0  218.25  1856 1952 2176 2528  1392 1393 1396 1439 -hsync +vsync (86.3 kHz e)
[   741.714] (II) modeset(0): Modeline "1920x1440"x0.0  234.00  1920 2048 2256 2600  1440 1441 1444 1500 -hsync +vsync (90.0 kHz e)
[   741.714] (II) modeset(0): Modeline "1920x1080"x0.0  148.50  1920 2448 2492 2640  1080 1084 1089 1125 +hsync +vsync (56.2 kHz e)
[   741.714] (II) modeset(0): Modeline "800x600"x0.0   40.00  800 840 968 1056  600 601 605 628 +hsync +vsync (37.9 kHz e)
[   741.714] (II) modeset(0): Modeline "640x480"x0.0   25.18  640 656 752 800  480 490 492 525 -hsync -vsync (31.5 kHz e)
[   741.714] (II) modeset(0): Modeline "1024x768"x0.0   65.00  1024 1048 1184 1344  768 771 777 806 -hsync -vsync (48.4 kHz e)
[   741.714] (II) modeset(0): Modeline "2048x1152"x60.0  197.97  2048 2184 2408 2768  1152 1153 1156 1192 -hsync +vsync (71.5 kHz e)
[   741.714] (II) modeset(0): Modeline "1920x1080"x60.0  172.80  1920 2040 2248 2576  1080 1081 1084 1118 -hsync +vsync (67.1 kHz e)
[   741.714] (II) modeset(0): Modeline "1920x1200"x0.0  193.25  1920 2056 2256 2592  1200 1203 1209 1245 -hsync +vsync (74.6 kHz e)
[   741.714] (II) modeset(0): Modeline "1600x1200"x0.0  162.00  1600 1664 1856 2160  1200 1201 1204 1250 +hsync +vsync (75.0 kHz e)
[   741.714] (II) modeset(0): Modeline "1680x1050"x0.0  146.25  1680 1784 1960 2240  1050 1053 1059 1089 -hsync +vsync (65.3 kHz e)
[   741.714] (II) modeset(0): Modeline "1440x900"x0.0  106.50  1440 1520 1672 1904  900 903 909 934 -hsync +vsync (55.9 kHz e)
[   741.714] (II) modeset(0): Modeline "1280x1024"x0.0  108.00  1280 1328 1440 1688  1024 1025 1028 1066 +hsync +vsync (64.0 kHz e)
[   741.714] (II) modeset(0): Modeline "1280x960"x0.0  108.00  1280 1376 1488 1800  960 961 964 1000 +hsync +vsync (60.0 kHz e)
[   741.880] (II) modeset(0): EDID vendor "RHT", prod id 4660
[   741.880] (II) modeset(0): Using hsync ranges from config file
[   741.880] (II) modeset(0): Using vrefresh ranges from config file
[   741.880] (II) modeset(0): Printing DDC gathered Modelines:
[   741.880] (II) modeset(0): Modeline "1280x800"x0.0  107.30  1280 1600 1638 1728  800 804 808 828 -hsync -vsync (62.1 kHz eP)
[   741.880] (II) modeset(0): Modeline "1280x768"x0.0   79.50  1280 1344 1472 1664  768 771 778 798 -hsync +vsync (47.8 kHz e)
[   741.880] (II) modeset(0): Modeline "1360x768"x0.0   85.50  1360 1424 1536 1792  768 771 777 795 +hsync +vsync (47.7 kHz e)
[   741.880] (II) modeset(0): Modeline "1400x1050"x0.0  121.75  1400 1488 1632 1864  1050 1053 1057 1089 -hsync +vsync (65.3 kHz e)
[   741.880] (II) modeset(0): Modeline "1792x1344"x0.0  204.75  1792 1920 2120 2448  1344 1345 1348 1394 -hsync +vsync (83.6 kHz e)
[   741.880] (II) modeset(0): Modeline "1856x1392"x0.0  218.25  1856 1952 2176 2528  1392 1393 1396 1439 -hsync +vsync (86.3 kHz e)
[   741.880] (II) modeset(0): Modeline "1920x1440"x0.0  234.00  1920 2048 2256 2600  1440 1441 1444 1500 -hsync +vsync (90.0 kHz e)
[   741.880] (II) modeset(0): Modeline "1920x1080"x0.0  148.50  1920 2448 2492 2640  1080 1084 1089 1125 +hsync +vsync (56.2 kHz e)
[   741.880] (II) modeset(0): Modeline "800x600"x0.0   40.00  800 840 968 1056  600 601 605 628 +hsync +vsync (37.9 kHz e)
[   741.880] (II) modeset(0): Modeline "640x480"x0.0   25.18  640 656 752 800  480 490 492 525 -hsync -vsync (31.5 kHz e)
[   741.880] (II) modeset(0): Modeline "1024x768"x0.0   65.00  1024 1048 1184 1344  768 771 777 806 -hsync -vsync (48.4 kHz e)
[   741.880] (II) modeset(0): Modeline "2048x1152"x60.0  197.97  2048 2184 2408 2768  1152 1153 1156 1192 -hsync +vsync (71.5 kHz e)
[   741.880] (II) modeset(0): Modeline "1920x1080"x60.0  172.80  1920 2040 2248 2576  1080 1081 1084 1118 -hsync +vsync (67.1 kHz e)
[   741.880] (II) modeset(0): Modeline "1920x1200"x0.0  193.25  1920 2056 2256 2592  1200 1203 1209 1245 -hsync +vsync (74.6 kHz e)
[   741.880] (II) modeset(0): Modeline "1600x1200"x0.0  162.00  1600 1664 1856 2160  1200 1201 1204 1250 +hsync +vsync (75.0 kHz e)
[   741.880] (II) modeset(0): Modeline "1680x1050"x0.0  146.25  1680 1784 1960 2240  1050 1053 1059 1089 -hsync +vsync (65.3 kHz e)
[   741.880] (II) modeset(0): Modeline "1440x900"x0.0  106.50  1440 1520 1672 1904  900 903 909 934 -hsync +vsync (55.9 kHz e)
[   741.880] (II) modeset(0): Modeline "1280x1024"x0.0  108.00  1280 1328 1440 1688  1024 1025 1028 1066 +hsync +vsync (64.0 kHz e)
[   741.880] (II) modeset(0): Modeline "1280x960"x0.0  108.00  1280 1376 1488 1800  960 961 964 1000 +hsync +vsync (60.0 kHz e)
[   742.161] (II) modeset(0): EDID vendor "RHT", prod id 4660
[   742.161] (II) modeset(0): Using hsync ranges from config file
[   742.161] (II) modeset(0): Using vrefresh ranges from config file
[   742.161] (II) modeset(0): Printing DDC gathered Modelines:
[   742.161] (II) modeset(0): Modeline "1280x800"x0.0  107.30  1280 1600 1638 1728  800 804 808 828 -hsync -vsync (62.1 kHz eP)
[   742.161] (II) modeset(0): Modeline "1280x768"x0.0   79.50  1280 1344 1472 1664  768 771 778 798 -hsync +vsync (47.8 kHz e)
[   742.161] (II) modeset(0): Modeline "1360x768"x0.0   85.50  1360 1424 1536 1792  768 771 777 795 +hsync +vsync (47.7 kHz e)
[   742.161] (II) modeset(0): Modeline "1400x1050"x0.0  121.75  1400 1488 1632 1864  1050 1053 1057 1089 -hsync +vsync (65.3 kHz e)
[   742.161] (II) modeset(0): Modeline "1792x1344"x0.0  204.75  1792 1920 2120 2448  1344 1345 1348 1394 -hsync +vsync (83.6 kHz e)
[   742.161] (II) modeset(0): Modeline "1856x1392"x0.0  218.25  1856 1952 2176 2528  1392 1393 1396 1439 -hsync +vsync (86.3 kHz e)
[   742.161] (II) modeset(0): Modeline "1920x1440"x0.0  234.00  1920 2048 2256 2600  1440 1441 1444 1500 -hsync +vsync (90.0 kHz e)
[   742.161] (II) modeset(0): Modeline "1920x1080"x0.0  148.50  1920 2448 2492 2640  1080 1084 1089 1125 +hsync +vsync (56.2 kHz e)
[   742.161] (II) modeset(0): Modeline "800x600"x0.0   40.00  800 840 968 1056  600 601 605 628 +hsync +vsync (37.9 kHz e)
[   742.161] (II) modeset(0): Modeline "640x480"x0.0   25.18  640 656 752 800  480 490 492 525 -hsync -vsync (31.5 kHz e)
[   742.161] (II) modeset(0): Modeline "1024x768"x0.0   65.00  1024 1048 1184 1344  768 771 777 806 -hsync -vsync (48.4 kHz e)
[   742.161] (II) modeset(0): Modeline "2048x1152"x60.0  197.97  2048 2184 2408 2768  1152 1153 1156 1192 -hsync +vsync (71.5 kHz e)
[   742.161] (II) modeset(0): Modeline "1920x1080"x60.0  172.80  1920 2040 2248 2576  1080 1081 1084 1118 -hsync +vsync (67.1 kHz e)
[   742.161] (II) modeset(0): Modeline "1920x1200"x0.0  193.25  1920 2056 2256 2592  1200 1203 1209 1245 -hsync +vsync (74.6 kHz e)
[   742.161] (II) modeset(0): Modeline "1600x1200"x0.0  162.00  1600 1664 1856 2160  1200 1201 1204 1250 +hsync +vsync (75.0 kHz e)
[   742.161] (II) modeset(0): Modeline "1680x1050"x0.0  146.25  1680 1784 1960 2240  1050 1053 1059 1089 -hsync +vsync (65.3 kHz e)
[   742.161] (II) modeset(0): Modeline "1440x900"x0.0  106.50  1440 1520 1672 1904  900 903 909 934 -hsync +vsync (55.9 kHz e)
[   742.161] (II) modeset(0): Modeline "1280x1024"x0.0  108.00  1280 1328 1440 1688  1024 1025 1028 1066 +hsync +vsync (64.0 kHz e)
[   742.161] (II) modeset(0): Modeline "1280x960"x0.0  108.00  1280 1376 1488 1800  960 961 964 1000 +hsync +vsync (60.0 kHz e)
[   742.376] (II) modeset(0): EDID vendor "RHT", prod id 4660
[   742.376] (II) modeset(0): Using hsync ranges from config file
[   742.376] (II) modeset(0): Using vrefresh ranges from config file
[   742.376] (II) modeset(0): Printing DDC gathered Modelines:
[   742.376] (II) modeset(0): Modeline "1280x800"x0.0  107.30  1280 1600 1638 1728  800 804 808 828 -hsync -vsync (62.1 kHz eP)
[   742.376] (II) modeset(0): Modeline "1280x768"x0.0   79.50  1280 1344 1472 1664  768 771 778 798 -hsync +vsync (47.8 kHz e)
[   742.376] (II) modeset(0): Modeline "1360x768"x0.0   85.50  1360 1424 1536 1792  768 771 777 795 +hsync +vsync (47.7 kHz e)
[   742.376] (II) modeset(0): Modeline "1400x1050"x0.0  121.75  1400 1488 1632 1864  1050 1053 1057 1089 -hsync +vsync (65.3 kHz e)
[   742.376] (II) modeset(0): Modeline "1792x1344"x0.0  204.75  1792 1920 2120 2448  1344 1345 1348 1394 -hsync +vsync (83.6 kHz e)
[   742.376] (II) modeset(0): Modeline "1856x1392"x0.0  218.25  1856 1952 2176 2528  1392 1393 1396 1439 -hsync +vsync (86.3 kHz e)
[   742.376] (II) modeset(0): Modeline "1920x1440"x0.0  234.00  1920 2048 2256 2600  1440 1441 1444 1500 -hsync +vsync (90.0 kHz e)
[   742.376] (II) modeset(0): Modeline "1920x1080"x0.0  148.50  1920 2448 2492 2640  1080 1084 1089 1125 +hsync +vsync (56.2 kHz e)
[   742.376] (II) modeset(0): Modeline "800x600"x0.0   40.00  800 840 968 1056  600 601 605 628 +hsync +vsync (37.9 kHz e)
[   742.376] (II) modeset(0): Modeline "640x480"x0.0   25.18  640 656 752 800  480 490 492 525 -hsync -vsync (31.5 kHz e)
[   742.376] (II) modeset(0): Modeline "1024x768"x0.0   65.00  1024 1048 1184 1344  768 771 777 806 -hsync -vsync (48.4 kHz e)
[   742.376] (II) modeset(0): Modeline "2048x1152"x60.0  197.97  2048 2184 2408 2768  1152 1153 1156 1192 -hsync +vsync (71.5 kHz e)
[   742.376] (II) modeset(0): Modeline "1920x1080"x60.0  172.80  1920 2040 2248 2576  1080 1081 1084 1118 -hsync +vsync (67.1 kHz e)
[   742.376] (II) modeset(0): Modeline "1920x1200"x0.0  193.25  1920 2056 2256 2592  1200 1203 1209 1245 -hsync +vsync (74.6 kHz e)
[   742.376] (II) modeset(0): Modeline "1600x1200"x0.0  162.00  1600 1664 1856 2160  1200 1201 1204 1250 +hsync +vsync (75.0 kHz e)
[   742.376] (II) modeset(0): Modeline "1680x1050"x0.0  146.25  1680 1784 1960 2240  1050 1053 1059 1089 -hsync +vsync (65.3 kHz e)
[   742.376] (II) modeset(0): Modeline "1440x900"x0.0  106.50  1440 1520 1672 1904  900 903 909 934 -hsync +vsync (55.9 kHz e)
[   742.376] (II) modeset(0): Modeline "1280x1024"x0.0  108.00  1280 1328 1440 1688  1024 1025 1028 1066 +hsync +vsync (64.0 kHz e)
[   742.376] (II) modeset(0): Modeline "1280x960"x0.0  108.00  1280 1376 1488 1800  960 961 964 1000 +hsync +vsync (60.0 kHz e)
[   743.135] (II) modeset(0): EDID vendor "RHT", prod id 4660
[   743.136] (II) modeset(0): Using hsync ranges from config file
[   743.136] (II) modeset(0): Using vrefresh ranges from config file
[   743.136] (II) modeset(0): Printing DDC gathered Modelines:
[   743.136] (II) modeset(0): Modeline "1280x800"x0.0  107.30  1280 1600 1638 1728  800 804 808 828 -hsync -vsync (62.1 kHz eP)
[   743.136] (II) modeset(0): Modeline "1280x768"x0.0   79.50  1280 1344 1472 1664  768 771 778 798 -hsync +vsync (47.8 kHz e)
[   743.136] (II) modeset(0): Modeline "1360x768"x0.0   85.50  1360 1424 1536 1792  768 771 777 795 +hsync +vsync (47.7 kHz e)
[   743.136] (II) modeset(0): Modeline "1400x1050"x0.0  121.75  1400 1488 1632 1864  1050 1053 1057 1089 -hsync +vsync (65.3 kHz e)
[   743.136] (II) modeset(0): Modeline "1792x1344"x0.0  204.75  1792 1920 2120 2448  1344 1345 1348 1394 -hsync +vsync (83.6 kHz e)
[   743.136] (II) modeset(0): Modeline "1856x1392"x0.0  218.25  1856 1952 2176 2528  1392 1393 1396 1439 -hsync +vsync (86.3 kHz e)
[   743.136] (II) modeset(0): Modeline "1920x1440"x0.0  234.00  1920 2048 2256 2600  1440 1441 1444 1500 -hsync +vsync (90.0 kHz e)
[   743.136] (II) modeset(0): Modeline "1920x1080"x0.0  148.50  1920 2448 2492 2640  1080 1084 1089 1125 +hsync +vsync (56.2 kHz e)
[   743.136] (II) modeset(0): Modeline "800x600"x0.0   40.00  800 840 968 1056  600 601 605 628 +hsync +vsync (37.9 kHz e)
[   743.136] (II) modeset(0): Modeline "640x480"x0.0   25.18  640 656 752 800  480 490 492 525 -hsync -vsync (31.5 kHz e)
[   743.136] (II) modeset(0): Modeline "1024x768"x0.0   65.00  1024 1048 1184 1344  768 771 777 806 -hsync -vsync (48.4 kHz e)
[   743.136] (II) modeset(0): Modeline "2048x1152"x60.0  197.97  2048 2184 2408 2768  1152 1153 1156 1192 -hsync +vsync (71.5 kHz e)
[   743.136] (II) modeset(0): Modeline "1920x1080"x60.0  172.80  1920 2040 2248 2576  1080 1081 1084 1118 -hsync +vsync (67.1 kHz e)
[   743.136] (II) modeset(0): Modeline "1920x1200"x0.0  193.25  1920 2056 2256 2592  1200 1203 1209 1245 -hsync +vsync (74.6 kHz e)
[   743.136] (II) modeset(0): Modeline "1600x1200"x0.0  162.00  1600 1664 1856 2160  1200 1201 1204 1250 +hsync +vsync (75.0 kHz e)
[   743.136] (II) modeset(0): Modeline "1680x1050"x0.0  146.25  1680 1784 1960 2240  1050 1053 1059 1089 -hsync +vsync (65.3 kHz e)
[   743.136] (II) modeset(0): Modeline "1440x900"x0.0  106.50  1440 1520 1672 1904  900 903 909 934 -hsync +vsync (55.9 kHz e)
[   743.136] (II) modeset(0): Modeline "1280x1024"x0.0  108.00  1280 1328 1440 1688  1024 1025 1028 1066 +hsync +vsync (64.0 kHz e)
[   743.136] (II) modeset(0): Modeline "1280x960"x0.0  108.00  1280 1376 1488 1800  960 961 964 1000 +hsync +vsync (60.0 kHz e)
